SLF4J(W): Class path contains multiple SLF4J providers.
SLF4J(W): Found provider [scribe.slf4j.ScribeServiceProvider@4ecd9058]
SLF4J(W): Found provider [ch.qos.logback.classic.spi.LogbackServiceProvider@256cf19b]
SLF4J(W): See https://www.slf4j.org/codes.html#multiple_bindings for an explanation.
SLF4J(I): Actual provider is of type [scribe.slf4j.ScribeServiceProvider@4ecd9058]
2024.06.17 13:01:35 WARN  Flyway upgrade recommended: H2 2.2.224 is newer than this version of Flyway and support has not been tested. The latest supported version of H2 is 2.2.220.
2024.06.17 13:01:48 INFO  Running List(C:\Users\tharu\AppData\Local\Coursier\data\bin\scala-cli.BAT, setup-ide, C:\Users\tharu\Desktop\scala\scala)
2024.06.17 13:01:49 INFO  Attempting to connect to the build server...
2024.06.17 13:01:49 INFO  Running BSP server List(C:\Users\tharu\AppData\Local\Coursier\data\bin\.scala-cli.aux.exe, bsp, --json-options, C:\Users\tharu\Desktop\scala\scala\.scala-build\ide-options-v2.json, --json-launcher-options, C:\Users\tharu\Desktop\scala\scala\.scala-build\ide-launcher-options.json, --envs-file, C:\Users\tharu\Desktop\scala\scala\.scala-build\ide-envs.json, C:\Users\tharu\Desktop\scala\scala)
2024.06.17 13:01:49 INFO  tracing is disabled for protocol BSP, to enable tracing of incoming and outgoing JSON messages create an empty file at C:\Users\tharu\Desktop\scala\scala\.metals\bsp.trace.json or C:\Users\tharu\AppData\Local\scalameta\metals\cache\bsp.trace.json
2024.06.17 13:01:50 INFO  BSP server: Downloading https://repo1.maven.org/maven2/io/github/alexarchambault/bleep/bloop-frontend_2.12/1.5.17-sc-2/bloop-frontend_2.12-1.5.17-sc-2.pom
2024.06.17 13:01:52 INFO  BSP server: Downloaded https://repo1.maven.org/maven2/io/github/alexarchambault/bleep/bloop-frontend_2.12/1.5.17-sc-2/bloop-frontend_2.12-1.5.17-sc-2.pom
2024.06.17 13:01:52 INFO  BSP server: Downloading https://repo1.maven.org/maven2/ch/epfl/scala/bloop-config_2.12/2.0.0/bloop-config_2.12-2.0.0.pom
2024.06.17 13:01:52 INFO  BSP server: Downloading https://repo1.maven.org/maven2/ch/qos/logback/logback-classic/1.4.14/logback-classic-1.4.14.pom
2024.06.17 13:01:52 INFO  BSP server: Downloading https://repo1.maven.org/maven2/io/github/alexarchambault/libdaemon/libdaemon_2.12/0.0.11/libdaemon_2.12-0.0.11.pom
2024.06.17 13:01:52 INFO  BSP server: Downloading https://repo1.maven.org/maven2/org/scala-lang/scala-library/2.12.19/scala-library-2.12.19.pom
2024.06.17 13:01:52 INFO  BSP server: Downloading https://repo1.maven.org/maven2/com/github/alexarchambault/case-app_2.12/2.0.6/case-app_2.12-2.0.6.pom
2024.06.17 13:01:52 INFO  BSP server: Downloading https://repo1.maven.org/maven2/io/github/alexarchambault/bleep/bloop-backend_2.12/1.5.17-sc-2/bloop-backend_2.12-1.5.17-sc-2.pom
2024.06.17 13:01:52 INFO  BSP server: Downloaded https://repo1.maven.org/maven2/ch/epfl/scala/bloop-config_2.12/2.0.0/bloop-config_2.12-2.0.0.pom
2024.06.17 13:01:52 INFO  BSP server: Downloading https://repo1.maven.org/maven2/ch/epfl/scala/scala-debug-adapter_2.12/4.1.1/scala-debug-adapter_2.12-4.1.1.pom
2024.06.17 13:01:52 INFO  BSP server: Downloaded https://repo1.maven.org/maven2/ch/epfl/scala/scala-debug-adapter_2.12/4.1.1/scala-debug-adapter_2.12-4.1.1.pom
2024.06.17 13:01:52 INFO  BSP server: Downloaded https://repo1.maven.org/maven2/com/github/alexarchambault/case-app_2.12/2.0.6/case-app_2.12-2.0.6.pom
2024.06.17 13:01:52 INFO  BSP server: Downloaded https://repo1.maven.org/maven2/io/github/alexarchambault/libdaemon/libdaemon_2.12/0.0.11/libdaemon_2.12-0.0.11.pom
2024.06.17 13:01:52 INFO  BSP server: Downloaded https://repo1.maven.org/maven2/ch/qos/logback/logback-classic/1.4.14/logback-classic-1.4.14.pom
2024.06.17 13:01:52 INFO  BSP server: Downloaded https://repo1.maven.org/maven2/org/scala-lang/scala-library/2.12.19/scala-library-2.12.19.pom
2024.06.17 13:01:53 INFO  BSP server: Downloaded https://repo1.maven.org/maven2/io/github/alexarchambault/bleep/bloop-backend_2.12/1.5.17-sc-2/bloop-backend_2.12-1.5.17-sc-2.pom
2024.06.17 13:01:53 INFO  BSP server: Downloading https://repo1.maven.org/maven2/ch/qos/logback/logback-parent/1.4.14/logback-parent-1.4.14.pom
2024.06.17 13:01:53 INFO  BSP server: Downloaded https://repo1.maven.org/maven2/ch/qos/logback/logback-parent/1.4.14/logback-parent-1.4.14.pom
2024.06.17 13:01:53 INFO  BSP server: Downloading https://repo1.maven.org/maven2/com/lihaoyi/sourcecode_2.12/0.4.1/sourcecode_2.12-0.4.1.pom
2024.06.17 13:01:53 INFO  BSP server: Downloading https://repo1.maven.org/maven2/com/github/alexarchambault/case-app-annotations_2.12/2.0.6/case-app-annotations_2.12-2.0.6.pom
2024.06.17 13:01:53 INFO  BSP server: Downloading https://repo1.maven.org/maven2/org/slf4j/slf4j-api/2.0.7/slf4j-api-2.0.7.pom
2024.06.17 13:01:53 INFO  BSP server: Downloading https://repo1.maven.org/maven2/com/github/alexarchambault/case-app-util_2.12/2.0.6/case-app-util_2.12-2.0.6.pom
2024.06.17 13:01:53 INFO  BSP server: Downloading https://repo1.maven.org/maven2/org/scala-sbt/librarymanagement-ivy_2.12/1.10.0/librarymanagement-ivy_2.12-1.10.0.pom
2024.06.17 13:01:53 INFO  BSP server: Downloading https://repo1.maven.org/maven2/org/scala-sbt/test-agent/1.10.0/test-agent-1.10.0.pom
2024.06.17 13:01:53 INFO  BSP server: Downloaded https://repo1.maven.org/maven2/org/slf4j/slf4j-api/2.0.7/slf4j-api-2.0.7.pom
2024.06.17 13:01:53 INFO  BSP server: Downloading https://repo1.maven.org/maven2/io/github/alexarchambault/bleep/bloop-shared_2.12/1.5.17-sc-2/bloop-shared_2.12-1.5.17-sc-2.pom
2024.06.17 13:01:53 INFO  BSP server: Downloaded https://repo1.maven.org/maven2/org/scala-sbt/librarymanagement-ivy_2.12/1.10.0/librarymanagement-ivy_2.12-1.10.0.pom
2024.06.17 13:01:53 INFO  BSP server: Downloading https://repo1.maven.org/maven2/ch/epfl/scala/com-microsoft-java-debug-core/0.34.0+30/com-microsoft-java-debug-core-0.34.0+30.pom
2024.06.17 13:01:53 INFO  BSP server: Downloaded https://repo1.maven.org/maven2/com/github/alexarchambault/case-app-util_2.12/2.0.6/case-app-util_2.12-2.0.6.pom
2024.06.17 13:01:53 INFO  BSP server: Downloading https://repo1.maven.org/maven2/com/github/plokhotnyuk/jsoniter-scala/jsoniter-scala-core_2.12/2.4.0/jsoniter-scala-core_2.12-2.4.0.pom
2024.06.17 13:01:53 INFO  BSP server: Downloaded https://repo1.maven.org/maven2/com/github/alexarchambault/case-app-annotations_2.12/2.0.6/case-app-annotations_2.12-2.0.6.pom
2024.06.17 13:01:53 INFO  BSP server: Downloading https://repo1.maven.org/maven2/ch/epfl/scala/directory-watcher/0.8.0+6-f651bd93/directory-watcher-0.8.0+6-f651bd93.pom
2024.06.17 13:01:53 INFO  BSP server: Downloaded https://repo1.maven.org/maven2/com/lihaoyi/sourcecode_2.12/0.4.1/sourcecode_2.12-0.4.1.pom
2024.06.17 13:01:53 INFO  BSP server: Downloading https://repo1.maven.org/maven2/io/github/alexarchambault/bleep/nailgun-server/1.0.7/nailgun-server-1.0.7.pom
2024.06.17 13:01:53 INFO  BSP server: Downloaded https://repo1.maven.org/maven2/io/github/alexarchambault/bleep/bloop-shared_2.12/1.5.17-sc-2/bloop-shared_2.12-1.5.17-sc-2.pom
2024.06.17 13:01:53 INFO  BSP server: Downloading https://repo1.maven.org/maven2/com/lihaoyi/pprint_2.12/0.9.0/pprint_2.12-0.9.0.pom
2024.06.17 13:01:53 INFO  BSP server: Downloaded https://repo1.maven.org/maven2/ch/epfl/scala/com-microsoft-java-debug-core/0.34.0+30/com-microsoft-java-debug-core-0.34.0+30.pom
2024.06.17 13:01:53 INFO  BSP server: Downloading https://repo1.maven.org/maven2/io/monix/monix_2.12/3.2.0/monix_2.12-3.2.0.pom
2024.06.17 13:01:53 INFO  BSP server: Downloaded https://repo1.maven.org/maven2/io/github/alexarchambault/bleep/nailgun-server/1.0.7/nailgun-server-1.0.7.pom
2024.06.17 13:01:53 INFO  BSP server: Downloaded https://repo1.maven.org/maven2/ch/epfl/scala/directory-watcher/0.8.0+6-f651bd93/directory-watcher-0.8.0+6-f651bd93.pom
2024.06.17 13:01:53 INFO  BSP server: Downloading https://repo1.maven.org/maven2/org/scala-lang/modules/scala-collection-compat_2.12/2.12.0/scala-collection-compat_2.12-2.12.0.pom
2024.06.17 13:01:53 INFO  BSP server: Downloaded https://repo1.maven.org/maven2/com/github/plokhotnyuk/jsoniter-scala/jsoniter-scala-core_2.12/2.4.0/jsoniter-scala-core_2.12-2.4.0.pom
2024.06.17 13:01:53 INFO  BSP server: Downloading https://repo1.maven.org/maven2/org/scalameta/parsers_2.12/4.9.5/parsers_2.12-4.9.5.pom
2024.06.17 13:01:54 INFO  BSP server: Downloading https://repo1.maven.org/maven2/io/zipkin/reporter2/zipkin-sender-urlconnection/2.17.2/zipkin-sender-urlconnection-2.17.2.pom
2024.06.17 13:01:54 INFO  BSP server: Downloaded https://repo1.maven.org/maven2/org/scala-sbt/test-agent/1.10.0/test-agent-1.10.0.pom
2024.06.17 13:01:54 INFO  BSP server: Downloading https://repo1.maven.org/maven2/org/scala-lang/scala-reflect/2.12.19/scala-reflect-2.12.19.pom
2024.06.17 13:01:54 INFO  BSP server: Downloaded https://repo1.maven.org/maven2/com/lihaoyi/pprint_2.12/0.9.0/pprint_2.12-0.9.0.pom
2024.06.17 13:01:54 INFO  BSP server: Downloaded https://repo1.maven.org/maven2/io/zipkin/reporter2/zipkin-sender-urlconnection/2.17.2/zipkin-sender-urlconnection-2.17.2.pom
2024.06.17 13:01:54 INFO  BSP server: Downloaded https://repo1.maven.org/maven2/io/monix/monix_2.12/3.2.0/monix_2.12-3.2.0.pom
2024.06.17 13:01:54 INFO  BSP server: Downloading https://repo1.maven.org/maven2/ch/qos/logback/logback-core/1.4.14/logback-core-1.4.14.pom
2024.06.17 13:01:54 INFO  BSP server: Downloaded https://repo1.maven.org/maven2/org/scala-lang/modules/scala-collection-compat_2.12/2.12.0/scala-collection-compat_2.12-2.12.0.pom
2024.06.17 13:01:54 INFO  BSP server: Downloading https://repo1.maven.org/maven2/org/ow2/asm/asm-util/9.7/asm-util-9.7.pom
2024.06.17 13:01:54 INFO  BSP server: Downloaded https://repo1.maven.org/maven2/org/scalameta/parsers_2.12/4.9.5/parsers_2.12-4.9.5.pom
2024.06.17 13:01:54 INFO  BSP server: Downloading https://repo1.maven.org/maven2/io/zipkin/brave/brave/5.18.1/brave-5.18.1.pom
2024.06.17 13:01:54 INFO  BSP server: Downloading https://repo1.maven.org/maven2/org/zeroturnaround/zt-zip/1.17/zt-zip-1.17.pom
2024.06.17 13:01:54 INFO  BSP server: Downloading https://repo1.maven.org/maven2/org/scalaz/scalaz-core_2.12/7.3.8/scalaz-core_2.12-7.3.8.pom
2024.06.17 13:01:54 INFO  BSP server: Downloaded https://repo1.maven.org/maven2/org/scala-lang/scala-reflect/2.12.19/scala-reflect-2.12.19.pom
2024.06.17 13:01:54 INFO  BSP server: Downloaded https://repo1.maven.org/maven2/org/ow2/asm/asm-util/9.7/asm-util-9.7.pom
2024.06.17 13:01:54 INFO  BSP server: Downloaded https://repo1.maven.org/maven2/ch/qos/logback/logback-core/1.4.14/logback-core-1.4.14.pom
2024.06.17 13:01:54 INFO  BSP server: Downloaded https://repo1.maven.org/maven2/io/zipkin/brave/brave/5.18.1/brave-5.18.1.pom
2024.06.17 13:01:54 INFO  BSP server: Downloaded https://repo1.maven.org/maven2/org/zeroturnaround/zt-zip/1.17/zt-zip-1.17.pom
2024.06.17 13:01:54 INFO  BSP server: Downloaded https://repo1.maven.org/maven2/org/scalaz/scalaz-core_2.12/7.3.8/scalaz-core_2.12-7.3.8.pom
2024.06.17 13:01:54 INFO  BSP server: Downloading https://repo1.maven.org/maven2/org/slf4j/slf4j-parent/2.0.7/slf4j-parent-2.0.7.pom
2024.06.17 13:01:54 INFO  BSP server: Downloading https://repo1.maven.org/maven2/io/zipkin/brave/brave-parent/5.18.1/brave-parent-5.18.1.pom
2024.06.17 13:01:54 INFO  BSP server: Downloading https://repo1.maven.org/maven2/io/zipkin/reporter2/zipkin-reporter-parent/2.17.2/zipkin-reporter-parent-2.17.2.pom
2024.06.17 13:01:54 INFO  BSP server: Downloaded https://repo1.maven.org/maven2/org/slf4j/slf4j-parent/2.0.7/slf4j-parent-2.0.7.pom
2024.06.17 13:01:54 INFO  BSP server: Downloaded https://repo1.maven.org/maven2/io/zipkin/brave/brave-parent/5.18.1/brave-parent-5.18.1.pom
2024.06.17 13:01:54 INFO  BSP server: Downloaded https://repo1.maven.org/maven2/io/zipkin/reporter2/zipkin-reporter-parent/2.17.2/zipkin-reporter-parent-2.17.2.pom
2024.06.17 13:01:55 INFO  BSP server: Downloading https://repo1.maven.org/maven2/io/monix/monix-catnap_2.12/3.2.0/monix-catnap_2.12-3.2.0.pom
2024.06.17 13:01:55 INFO  BSP server: Downloading https://repo1.maven.org/maven2/io/zipkin/zipkin2/zipkin/2.27.0/zipkin-2.27.0.pom
2024.06.17 13:01:55 INFO  BSP server: Downloading https://repo1.maven.org/maven2/ch/epfl/scala/bsp4s_2.12/2.1.1/bsp4s_2.12-2.1.1.pom
2024.06.17 13:01:55 INFO  BSP server: Downloading https://repo1.maven.org/maven2/org/ow2/asm/asm-tree/9.7/asm-tree-9.7.pom
2024.06.17 13:01:55 INFO  BSP server: Downloading https://repo1.maven.org/maven2/net/java/dev/jna/jna-platform/4.4.0/jna-platform-4.4.0.pom
2024.06.17 13:01:55 INFO  BSP server: Downloading https://repo1.maven.org/maven2/com/github/plokhotnyuk/jsoniter-scala/jsoniter-scala-core_2.12/2.13.3.2/jsoniter-scala-core_2.12-2.13.3.2.pom
2024.06.17 13:01:55 INFO  BSP server: Downloaded https://repo1.maven.org/maven2/io/monix/monix-catnap_2.12/3.2.0/monix-catnap_2.12-3.2.0.pom
2024.06.17 13:01:55 INFO  BSP server: Downloading https://repo1.maven.org/maven2/org/scala-sbt/librarymanagement-core_2.12/1.10.0/librarymanagement-core_2.12-1.10.0.pom
2024.06.17 13:01:55 INFO  BSP server: Downloaded https://repo1.maven.org/maven2/org/ow2/asm/asm-tree/9.7/asm-tree-9.7.pom
2024.06.17 13:01:55 INFO  BSP server: Downloading https://repo1.maven.org/maven2/io/zipkin/reporter2/zipkin-reporter-brave/2.17.2/zipkin-reporter-brave-2.17.2.pom
2024.06.17 13:01:55 INFO  BSP server: Downloaded https://repo1.maven.org/maven2/ch/epfl/scala/bsp4s_2.12/2.1.1/bsp4s_2.12-2.1.1.pom
2024.06.17 13:01:55 INFO  BSP server: Downloading https://repo1.maven.org/maven2/org/apache/logging/log4j/log4j-core/2.23.0/log4j-core-2.23.0.pom
2024.06.17 13:01:55 INFO  BSP server: Downloaded https://repo1.maven.org/maven2/net/java/dev/jna/jna-platform/4.4.0/jna-platform-4.4.0.pom
2024.06.17 13:01:55 INFO  BSP server: Downloading https://repo1.maven.org/maven2/io/monix/monix-execution_2.12/3.2.0/monix-execution_2.12-3.2.0.pom
2024.06.17 13:01:55 INFO  BSP server: Downloaded https://repo1.maven.org/maven2/io/zipkin/zipkin2/zipkin/2.27.0/zipkin-2.27.0.pom
2024.06.17 13:01:55 INFO  BSP server: Downloading https://repo1.maven.org/maven2/io/monix/monix-java_2.12/3.2.0/monix-java_2.12-3.2.0.pom
2024.06.17 13:01:55 INFO  BSP server: Downloaded https://repo1.maven.org/maven2/org/scala-sbt/librarymanagement-core_2.12/1.10.0/librarymanagement-core_2.12-1.10.0.pom
2024.06.17 13:01:55 INFO  BSP server: Downloading https://repo1.maven.org/maven2/io/reactivex/rxjava2/rxjava/2.2.21/rxjava-2.2.21.pom
2024.06.17 13:01:55 INFO  BSP server: Downloaded https://repo1.maven.org/maven2/io/zipkin/reporter2/zipkin-reporter-brave/2.17.2/zipkin-reporter-brave-2.17.2.pom
2024.06.17 13:01:55 INFO  BSP server: Downloading https://repo1.maven.org/maven2/org/scala-sbt/test-interface/1.0/test-interface-1.0.pom
2024.06.17 13:01:55 INFO  BSP server: Downloaded https://repo1.maven.org/maven2/io/monix/monix-java_2.12/3.2.0/monix-java_2.12-3.2.0.pom
2024.06.17 13:01:55 INFO  BSP server: Downloading https://repo1.maven.org/maven2/commons-io/commons-io/2.16.1/commons-io-2.16.1.pom
2024.06.17 13:01:55 INFO  BSP server: Downloaded https://repo1.maven.org/maven2/io/monix/monix-execution_2.12/3.2.0/monix-execution_2.12-3.2.0.pom
2024.06.17 13:01:55 INFO  BSP server: Downloading https://repo1.maven.org/maven2/io/zipkin/reporter2/zipkin-reporter/2.17.2/zipkin-reporter-2.17.2.pom
2024.06.17 13:01:55 INFO  BSP server: Downloaded https://repo1.maven.org/maven2/org/apache/logging/log4j/log4j-core/2.23.0/log4j-core-2.23.0.pom
2024.06.17 13:01:55 INFO  BSP server: Downloading https://repo1.maven.org/maven2/io/monix/monix-eval_2.12/3.2.0/monix-eval_2.12-3.2.0.pom
2024.06.17 13:01:55 INFO  BSP server: Downloaded https://repo1.maven.org/maven2/com/github/plokhotnyuk/jsoniter-scala/jsoniter-scala-core_2.12/2.13.3.2/jsoniter-scala-core_2.12-2.13.3.2.pom
2024.06.17 13:01:55 INFO  BSP server: Downloading https://repo1.maven.org/maven2/io/get-coursier/interface/1.0.13/interface-1.0.13.pom
2024.06.17 13:01:55 INFO  BSP server: Downloaded https://repo1.maven.org/maven2/io/reactivex/rxjava2/rxjava/2.2.21/rxjava-2.2.21.pom
2024.06.17 13:01:55 INFO  BSP server: Downloading https://repo1.maven.org/maven2/com/lihaoyi/fansi_2.12/0.5.0/fansi_2.12-0.5.0.pom
2024.06.17 13:01:55 INFO  BSP server: Downloaded https://repo1.maven.org/maven2/org/scala-sbt/test-interface/1.0/test-interface-1.0.pom
2024.06.17 13:01:55 INFO  BSP server: Downloading https://repo1.maven.org/maven2/com/eed3si9n/sjson-new-core_2.12/0.9.0/sjson-new-core_2.12-0.9.0.pom
2024.06.17 13:01:55 INFO  BSP server: Downloaded https://repo1.maven.org/maven2/io/zipkin/reporter2/zipkin-reporter/2.17.2/zipkin-reporter-2.17.2.pom
2024.06.17 13:01:55 INFO  BSP server: Downloading https://repo1.maven.org/maven2/io/monix/monix-tail_2.12/3.2.0/monix-tail_2.12-3.2.0.pom
2024.06.17 13:01:55 INFO  BSP server: Downloaded https://repo1.maven.org/maven2/io/monix/monix-eval_2.12/3.2.0/monix-eval_2.12-3.2.0.pom
2024.06.17 13:01:55 INFO  BSP server: Downloading https://repo1.maven.org/maven2/com/google/code/gson/gson/2.11.0/gson-2.11.0.pom
2024.06.17 13:01:55 INFO  BSP server: Downloaded https://repo1.maven.org/maven2/commons-io/commons-io/2.16.1/commons-io-2.16.1.pom
2024.06.17 13:01:55 INFO  BSP server: Downloading https://repo1.maven.org/maven2/org/scalameta/trees_2.12/4.9.5/trees_2.12-4.9.5.pom
2024.06.17 13:01:56 INFO  BSP server: Downloaded https://repo1.maven.org/maven2/io/get-coursier/interface/1.0.13/interface-1.0.13.pom
2024.06.17 13:01:56 INFO  BSP server: Downloading https://repo1.maven.org/maven2/net/jpountz/lz4/lz4/1.3.0/lz4-1.3.0.pom
2024.06.17 13:01:56 INFO  BSP server: Downloaded https://repo1.maven.org/maven2/com/lihaoyi/fansi_2.12/0.5.0/fansi_2.12-0.5.0.pom
2024.06.17 13:01:56 INFO  BSP server: Downloading https://repo1.maven.org/maven2/org/reactivestreams/reactive-streams/1.0.4/reactive-streams-1.0.4.pom
2024.06.17 13:01:56 INFO  BSP server: Downloaded https://repo1.maven.org/maven2/com/eed3si9n/sjson-new-core_2.12/0.9.0/sjson-new-core_2.12-0.9.0.pom
2024.06.17 13:01:56 INFO  BSP server: Downloaded https://repo1.maven.org/maven2/io/monix/monix-tail_2.12/3.2.0/monix-tail_2.12-3.2.0.pom
2024.06.17 13:01:56 INFO  BSP server: Downloaded https://repo1.maven.org/maven2/org/scalameta/trees_2.12/4.9.5/trees_2.12-4.9.5.pom
2024.06.17 13:01:56 INFO  BSP server: Downloading https://repo1.maven.org/maven2/io/github/alexarchambault/bleep/jsonrpc4s_2.12/0.1.1/jsonrpc4s_2.12-0.1.1.pom
2024.06.17 13:01:56 INFO  BSP server: Downloading https://repo1.maven.org/maven2/com/chuusai/shapeless_2.12/2.3.3/shapeless_2.12-2.3.3.pom
2024.06.17 13:01:56 INFO  BSP server: Downloading https://repo1.maven.org/maven2/org/scala-sbt/zinc_2.12/1.10.0/zinc_2.12-1.10.0.pom
2024.06.17 13:01:56 INFO  BSP server: Downloaded https://repo1.maven.org/maven2/com/google/code/gson/gson/2.11.0/gson-2.11.0.pom
2024.06.17 13:01:56 INFO  BSP server: Downloading https://repo1.maven.org/maven2/org/apache/commons/commons-lang3/3.14.0/commons-lang3-3.14.0.pom
2024.06.17 13:01:56 INFO  BSP server: Downloaded https://repo1.maven.org/maven2/net/jpountz/lz4/lz4/1.3.0/lz4-1.3.0.pom
2024.06.17 13:01:56 INFO  BSP server: Downloading https://repo1.maven.org/maven2/net/java/dev/jna/jna/4.5.2/jna-4.5.2.pom
2024.06.17 13:01:56 INFO  BSP server: Downloaded https://repo1.maven.org/maven2/org/reactivestreams/reactive-streams/1.0.4/reactive-streams-1.0.4.pom
2024.06.17 13:01:56 INFO  BSP server: Downloading https://repo1.maven.org/maven2/io/monix/monix-reactive_2.12/3.2.0/monix-reactive_2.12-3.2.0.pom
2024.06.17 13:01:56 INFO  BSP server: Downloaded https://repo1.maven.org/maven2/io/github/alexarchambault/bleep/jsonrpc4s_2.12/0.1.1/jsonrpc4s_2.12-0.1.1.pom
2024.06.17 13:01:56 INFO  BSP server: Downloaded https://repo1.maven.org/maven2/com/chuusai/shapeless_2.12/2.3.3/shapeless_2.12-2.3.3.pom
2024.06.17 13:01:56 INFO  BSP server: Downloading https://repo1.maven.org/maven2/org/scala-sbt/ivy/ivy/2.3.0-sbt-396a783bba347016e7fe30dacc60d355be607fe2/ivy-2.3.0-sbt-396a783bba347016e7fe30dacc60d355be607fe2.pom
2024.06.17 13:01:56 INFO  BSP server: Downloading https://repo1.maven.org/maven2/org/ow2/asm/asm-analysis/9.7/asm-analysis-9.7.pom
2024.06.17 13:01:56 INFO  BSP server: Downloaded https://repo1.maven.org/maven2/org/scala-sbt/zinc_2.12/1.10.0/zinc_2.12-1.10.0.pom
2024.06.17 13:01:56 INFO  BSP server: Downloaded https://repo1.maven.org/maven2/org/apache/commons/commons-lang3/3.14.0/commons-lang3-3.14.0.pom
2024.06.17 13:01:56 INFO  BSP server: Downloaded https://repo1.maven.org/maven2/io/monix/monix-reactive_2.12/3.2.0/monix-reactive_2.12-3.2.0.pom
2024.06.17 13:01:56 INFO  BSP server: Downloaded https://repo1.maven.org/maven2/net/java/dev/jna/jna/4.5.2/jna-4.5.2.pom
2024.06.17 13:01:56 INFO  BSP server: Downloaded https://repo1.maven.org/maven2/org/scala-sbt/ivy/ivy/2.3.0-sbt-396a783bba347016e7fe30dacc60d355be607fe2/ivy-2.3.0-sbt-396a783bba347016e7fe30dacc60d355be607fe2.pom
2024.06.17 13:01:56 INFO  BSP server: Downloaded https://repo1.maven.org/maven2/org/ow2/asm/asm-analysis/9.7/asm-analysis-9.7.pom
2024.06.17 13:01:56 INFO  BSP server: Downloading https://repo1.maven.org/maven2/org/apache/commons/commons-parent/69/commons-parent-69.pom
2024.06.17 13:01:56 INFO  BSP server: Downloading https://repo1.maven.org/maven2/io/zipkin/zipkin-parent/2.27.0/zipkin-parent-2.27.0.pom
2024.06.17 13:01:56 INFO  BSP server: Downloading https://repo1.maven.org/maven2/com/google/code/gson/gson-parent/2.11.0/gson-parent-2.11.0.pom
2024.06.17 13:01:56 INFO  BSP server: Downloading https://repo1.maven.org/maven2/org/apache/logging/log4j/log4j/2.23.0/log4j-2.23.0.pom
2024.06.17 13:01:57 INFO  BSP server: Downloaded https://repo1.maven.org/maven2/io/zipkin/zipkin-parent/2.27.0/zipkin-parent-2.27.0.pom
2024.06.17 13:01:57 INFO  BSP server: Downloaded https://repo1.maven.org/maven2/org/apache/logging/log4j/log4j/2.23.0/log4j-2.23.0.pom
2024.06.17 13:01:57 INFO  BSP server: Downloaded https://repo1.maven.org/maven2/com/google/code/gson/gson-parent/2.11.0/gson-parent-2.11.0.pom
2024.06.17 13:01:57 INFO  BSP server: Downloaded https://repo1.maven.org/maven2/org/apache/commons/commons-parent/69/commons-parent-69.pom
2024.06.17 13:01:57 INFO  BSP server: Downloading https://repo1.maven.org/maven2/org/apache/logging/log4j/log4j-bom/2.23.0/log4j-bom-2.23.0.pom
2024.06.17 13:01:57 INFO  BSP server: Downloading https://repo1.maven.org/maven2/org/apache/apache/31/apache-31.pom
2024.06.17 13:01:57 INFO  BSP server: Downloaded https://repo1.maven.org/maven2/org/apache/logging/log4j/log4j-bom/2.23.0/log4j-bom-2.23.0.pom
2024.06.17 13:01:57 INFO  BSP server: Downloaded https://repo1.maven.org/maven2/org/apache/apache/31/apache-31.pom
2024.06.17 13:01:57 INFO  BSP server: Downloading https://repo1.maven.org/maven2/org/apache/logging/logging-parent/10.6.0/logging-parent-10.6.0.pom
2024.06.17 13:01:58 INFO  no build target found for C:\Users\tharu\Desktop\scala\scala\labsheet\labsheet01.scala. Using presentation compiler with project's scala-library version: 3.3.3
2024.06.17 13:01:58 INFO  BSP server: Downloaded https://repo1.maven.org/maven2/org/apache/logging/logging-parent/10.6.0/logging-parent-10.6.0.pom
2024.06.17 13:01:58 INFO  BSP server: Downloading https://repo1.maven.org/maven2/org/eclipse/jetty/jetty-bom/9.4.54.v20240208/jetty-bom-9.4.54.v20240208.pom
2024.06.17 13:01:58 INFO  BSP server: Downloading https://repo1.maven.org/maven2/io/fabric8/kubernetes-client-bom/5.12.4/kubernetes-client-bom-5.12.4.pom
2024.06.17 13:01:58 INFO  BSP server: Downloading https://repo1.maven.org/maven2/org/junit/junit-bom/5.10.2/junit-bom-5.10.2.pom
2024.06.17 13:01:58 INFO  BSP server: Downloading https://repo1.maven.org/maven2/com/fasterxml/jackson/jackson-bom/2.16.1/jackson-bom-2.16.1.pom
2024.06.17 13:01:58 INFO  BSP server: Downloading https://repo1.maven.org/maven2/org/codehaus/groovy/groovy-bom/3.0.20/groovy-bom-3.0.20.pom
2024.06.17 13:01:58 INFO  BSP server: Downloading https://repo1.maven.org/maven2/jakarta/platform/jakarta.jakartaee-bom/9.1.0/jakarta.jakartaee-bom-9.1.0.pom
2024.06.17 13:01:58 INFO  BSP server: Downloaded https://repo1.maven.org/maven2/org/junit/junit-bom/5.10.2/junit-bom-5.10.2.pom
2024.06.17 13:01:58 INFO  BSP server: Downloading https://repo1.maven.org/maven2/io/netty/netty-bom/4.1.107.Final/netty-bom-4.1.107.Final.pom
2024.06.17 13:01:58 INFO  BSP server: Downloaded https://repo1.maven.org/maven2/com/fasterxml/jackson/jackson-bom/2.16.1/jackson-bom-2.16.1.pom
2024.06.17 13:01:58 INFO  BSP server: Downloading https://repo1.maven.org/maven2/org/springframework/spring-framework-bom/5.3.32/spring-framework-bom-5.3.32.pom
2024.06.17 13:01:58 INFO  BSP server: Downloaded https://repo1.maven.org/maven2/io/fabric8/kubernetes-client-bom/5.12.4/kubernetes-client-bom-5.12.4.pom
2024.06.17 13:01:58 INFO  BSP server: Downloading https://repo1.maven.org/maven2/org/mockito/mockito-bom/4.11.0/mockito-bom-4.11.0.pom
2024.06.17 13:01:58 INFO  BSP server: Downloaded https://repo1.maven.org/maven2/org/eclipse/jetty/jetty-bom/9.4.54.v20240208/jetty-bom-9.4.54.v20240208.pom
2024.06.17 13:01:58 INFO  BSP server: Downloaded https://repo1.maven.org/maven2/org/codehaus/groovy/groovy-bom/3.0.20/groovy-bom-3.0.20.pom
2024.06.17 13:01:58 INFO  BSP server: Downloaded https://repo1.maven.org/maven2/io/netty/netty-bom/4.1.107.Final/netty-bom-4.1.107.Final.pom
2024.06.17 13:01:58 INFO  BSP server: Downloaded https://repo1.maven.org/maven2/org/springframework/spring-framework-bom/5.3.32/spring-framework-bom-5.3.32.pom
2024.06.17 13:01:58 INFO  BSP server: Downloaded https://repo1.maven.org/maven2/org/mockito/mockito-bom/4.11.0/mockito-bom-4.11.0.pom
2024.06.17 13:01:58 INFO  BSP server: Downloaded https://repo1.maven.org/maven2/jakarta/platform/jakarta.jakartaee-bom/9.1.0/jakarta.jakartaee-bom-9.1.0.pom
2024.06.17 13:01:58 INFO  BSP server: Downloading https://repo1.maven.org/maven2/jakarta/platform/jakartaee-api-parent/9.1.0/jakartaee-api-parent-9.1.0.pom
2024.06.17 13:01:58 INFO  BSP server: Downloading https://repo1.maven.org/maven2/com/fasterxml/jackson/jackson-parent/2.16/jackson-parent-2.16.pom
2024.06.17 13:02:00 INFO  BSP server: Downloaded https://repo1.maven.org/maven2/com/fasterxml/jackson/jackson-parent/2.16/jackson-parent-2.16.pom
2024.06.17 13:02:00 INFO  BSP server: Downloaded https://repo1.maven.org/maven2/jakarta/platform/jakartaee-api-parent/9.1.0/jakartaee-api-parent-9.1.0.pom
2024.06.17 13:02:00 INFO  BSP server: Downloading https://repo1.maven.org/maven2/org/eclipse/ee4j/project/1.0.7/project-1.0.7.pom
2024.06.17 13:02:00 INFO  BSP server: Downloading https://repo1.maven.org/maven2/com/fasterxml/oss-parent/56/oss-parent-56.pom
2024.06.17 13:02:00 INFO  BSP server: Downloaded https://repo1.maven.org/maven2/org/eclipse/ee4j/project/1.0.7/project-1.0.7.pom
2024.06.17 13:02:00 INFO  BSP server: Downloaded https://repo1.maven.org/maven2/com/fasterxml/oss-parent/56/oss-parent-56.pom
2024.06.17 13:02:00 INFO  BSP server: Downloading https://repo1.maven.org/maven2/org/scala-sbt/launcher-interface/1.0.0/launcher-interface-1.0.0.pom
2024.06.17 13:02:00 INFO  BSP server: Downloading https://repo1.maven.org/maven2/com/outr/scribe_2.12/3.5.5/scribe_2.12-3.5.5.pom
2024.06.17 13:02:00 INFO  BSP server: Downloading https://repo1.maven.org/maven2/org/scalameta/common_2.12/4.9.5/common_2.12-4.9.5.pom
2024.06.17 13:02:00 INFO  BSP server: Downloading https://repo1.maven.org/maven2/org/scala-lang/scala-compiler/2.12.19/scala-compiler-2.12.19.pom
2024.06.17 13:02:00 INFO  BSP server: Downloading https://repo1.maven.org/maven2/org/scala-sbt/util-logging_2.12/1.10.0/util-logging_2.12-1.10.0.pom
2024.06.17 13:02:00 INFO  BSP server: Downloading https://repo1.maven.org/maven2/org/typelevel/macro-compat_2.12/1.1.1/macro-compat_2.12-1.1.1.pom
2024.06.17 13:02:00 INFO  BSP server: Downloaded https://repo1.maven.org/maven2/org/scala-sbt/launcher-interface/1.0.0/launcher-interface-1.0.0.pom
2024.06.17 13:02:00 INFO  BSP server: Downloading https://repo1.maven.org/maven2/com/github/mwiede/jsch/0.2.17/jsch-0.2.17.pom
2024.06.17 13:02:00 INFO  BSP server: Downloaded https://repo1.maven.org/maven2/com/outr/scribe_2.12/3.5.5/scribe_2.12-3.5.5.pom
2024.06.17 13:02:00 INFO  BSP server: Downloading https://repo1.maven.org/maven2/com/github/plokhotnyuk/jsoniter-scala/jsoniter-scala-core_2.12/2.13.5/jsoniter-scala-core_2.12-2.13.5.pom
2024.06.17 13:02:00 INFO  BSP server: Downloaded https://repo1.maven.org/maven2/org/scala-lang/scala-compiler/2.12.19/scala-compiler-2.12.19.pom
2024.06.17 13:02:00 INFO  BSP server: Downloading https://repo1.maven.org/maven2/org/scala-sbt/zinc-classfile_2.12/1.10.0/zinc-classfile_2.12-1.10.0.pom
2024.06.17 13:02:00 INFO  BSP server: Downloaded https://repo1.maven.org/maven2/org/scalameta/common_2.12/4.9.5/common_2.12-4.9.5.pom
2024.06.17 13:02:00 INFO  BSP server: Downloading https://repo1.maven.org/maven2/org/apache/logging/log4j/log4j-api/2.23.0/log4j-api-2.23.0.pom
2024.06.17 13:02:00 INFO  BSP server: Downloaded https://repo1.maven.org/maven2/org/scala-sbt/util-logging_2.12/1.10.0/util-logging_2.12-1.10.0.pom
2024.06.17 13:02:00 INFO  BSP server: Downloading https://repo1.maven.org/maven2/org/scala-sbt/zinc-core_2.12/1.10.0/zinc-core_2.12-1.10.0.pom
2024.06.17 13:02:01 INFO  BSP server: Downloaded https://repo1.maven.org/maven2/com/github/plokhotnyuk/jsoniter-scala/jsoniter-scala-core_2.12/2.13.5/jsoniter-scala-core_2.12-2.13.5.pom
2024.06.17 13:02:01 INFO  BSP server: Downloaded https://repo1.maven.org/maven2/org/scala-sbt/zinc-classfile_2.12/1.10.0/zinc-classfile_2.12-1.10.0.pom
2024.06.17 13:02:01 INFO  BSP server: Downloaded https://repo1.maven.org/maven2/com/github/mwiede/jsch/0.2.17/jsch-0.2.17.pom
2024.06.17 13:02:01 INFO  BSP server: Downloading https://repo1.maven.org/maven2/com/google/errorprone/error_prone_annotations/2.27.0/error_prone_annotations-2.27.0.pom
2024.06.17 13:02:01 INFO  BSP server: Downloading https://repo1.maven.org/maven2/org/scala-sbt/util-position_2.12/1.10.0/util-position_2.12-1.10.0.pom
2024.06.17 13:02:01 INFO  BSP server: Downloaded https://repo1.maven.org/maven2/org/apache/logging/log4j/log4j-api/2.23.0/log4j-api-2.23.0.pom
2024.06.17 13:02:01 INFO  BSP server: Downloading https://repo1.maven.org/maven2/org/typelevel/cats-effect_2.12/2.1.3/cats-effect_2.12-2.1.3.pom
2024.06.17 13:02:01 INFO  BSP server: Downloaded https://repo1.maven.org/maven2/org/scala-sbt/zinc-core_2.12/1.10.0/zinc-core_2.12-1.10.0.pom
2024.06.17 13:02:01 INFO  BSP server: Downloading https://repo1.maven.org/maven2/org/scala-sbt/util-cache_2.12/1.10.0/util-cache_2.12-1.10.0.pom
2024.06.17 13:02:01 INFO  BSP server: Downloading https://repo1.maven.org/maven2/org/jctools/jctools-core/2.1.2/jctools-core-2.1.2.pom
2024.06.17 13:02:01 INFO  BSP server: Downloaded https://repo1.maven.org/maven2/org/typelevel/macro-compat_2.12/1.1.1/macro-compat_2.12-1.1.1.pom
2024.06.17 13:02:01 INFO  BSP server: Downloading https://repo1.maven.org/maven2/io/monix/implicitbox_2.12/0.2.0/implicitbox_2.12-0.2.0.pom
2024.06.17 13:02:01 INFO  BSP server: Downloaded https://repo1.maven.org/maven2/com/google/errorprone/error_prone_annotations/2.27.0/error_prone_annotations-2.27.0.pom
2024.06.17 13:02:01 INFO  BSP server: Downloading https://repo1.maven.org/maven2/com/eed3si9n/gigahorse-apache-http_2.12/0.7.0/gigahorse-apache-http_2.12-0.7.0.pom
2024.06.17 13:02:01 INFO  BSP server: Downloaded https://repo1.maven.org/maven2/org/scala-sbt/util-cache_2.12/1.10.0/util-cache_2.12-1.10.0.pom
2024.06.17 13:02:01 INFO  BSP server: Downloaded https://repo1.maven.org/maven2/org/scala-sbt/util-position_2.12/1.10.0/util-position_2.12-1.10.0.pom
2024.06.17 13:02:01 INFO  BSP server: Downloaded https://repo1.maven.org/maven2/org/jctools/jctools-core/2.1.2/jctools-core-2.1.2.pom
2024.06.17 13:02:01 INFO  BSP server: Downloaded https://repo1.maven.org/maven2/org/typelevel/cats-effect_2.12/2.1.3/cats-effect_2.12-2.1.3.pom
2024.06.17 13:02:01 INFO  BSP server: Downloading https://repo1.maven.org/maven2/org/scala-lang/modules/scala-xml_2.12/2.1.0/scala-xml_2.12-2.1.0.pom
2024.06.17 13:02:01 INFO  BSP server: Downloading https://repo1.maven.org/maven2/org/scala-sbt/zinc-compile-core_2.12/1.10.0/zinc-compile-core_2.12-1.10.0.pom
2024.06.17 13:02:01 INFO  BSP server: Downloading https://repo1.maven.org/maven2/org/scala-sbt/zinc-persist_2.12/1.10.0/zinc-persist_2.12-1.10.0.pom
2024.06.17 13:02:01 INFO  BSP server: Downloading https://repo1.maven.org/maven2/org/scala-sbt/io_2.12/1.10.0/io_2.12-1.10.0.pom
2024.06.17 13:02:01 INFO  BSP server: Downloaded https://repo1.maven.org/maven2/io/monix/implicitbox_2.12/0.2.0/implicitbox_2.12-0.2.0.pom
2024.06.17 13:02:01 INFO  BSP server: Downloaded https://repo1.maven.org/maven2/org/scala-lang/modules/scala-xml_2.12/2.1.0/scala-xml_2.12-2.1.0.pom
2024.06.17 13:02:01 INFO  BSP server: Downloaded https://repo1.maven.org/maven2/com/eed3si9n/gigahorse-apache-http_2.12/0.7.0/gigahorse-apache-http_2.12-0.7.0.pom
2024.06.17 13:02:01 INFO  BSP server: Downloaded https://repo1.maven.org/maven2/org/scala-sbt/zinc-persist_2.12/1.10.0/zinc-persist_2.12-1.10.0.pom
2024.06.17 13:02:01 INFO  BSP server: Downloaded https://repo1.maven.org/maven2/org/scala-sbt/zinc-compile-core_2.12/1.10.0/zinc-compile-core_2.12-1.10.0.pom
2024.06.17 13:02:01 INFO  BSP server: Downloaded https://repo1.maven.org/maven2/org/scala-sbt/io_2.12/1.10.0/io_2.12-1.10.0.pom
2024.06.17 13:02:01 INFO  BSP server: Downloading https://repo1.maven.org/maven2/com/google/errorprone/error_prone_parent/2.27.0/error_prone_parent-2.27.0.pom
2024.06.17 13:02:01 INFO  BSP server: Downloaded https://repo1.maven.org/maven2/com/google/errorprone/error_prone_parent/2.27.0/error_prone_parent-2.27.0.pom
2024.06.17 13:02:02 INFO  BSP server: Downloading https://repo1.maven.org/maven2/org/scala-sbt/sbinary_2.12/0.5.1/sbinary_2.12-0.5.1.pom
2024.06.17 13:02:02 INFO  BSP server: Downloading https://repo1.maven.org/maven2/org/scala-sbt/launcher-interface/1.4.2/launcher-interface-1.4.2.pom
2024.06.17 13:02:02 INFO  BSP server: Downloading https://repo1.maven.org/maven2/com/outr/perfolation_2.12/1.2.8/perfolation_2.12-1.2.8.pom
2024.06.17 13:02:02 INFO  BSP server: Downloading https://repo1.maven.org/maven2/org/scala-sbt/zinc-apiinfo_2.12/1.10.0/zinc-apiinfo_2.12-1.10.0.pom
2024.06.17 13:02:02 INFO  BSP server: Downloading https://repo1.maven.org/maven2/com/eed3si9n/sjson-new-scalajson_2.12/0.9.1/sjson-new-scalajson_2.12-0.9.1.pom
2024.06.17 13:02:02 INFO  BSP server: Downloading https://repo1.maven.org/maven2/com/thesamet/scalapb/scalapb-runtime_2.12/0.11.15/scalapb-runtime_2.12-0.11.15.pom
2024.06.17 13:02:02 INFO  BSP server: Downloaded https://repo1.maven.org/maven2/org/scala-sbt/zinc-apiinfo_2.12/1.10.0/zinc-apiinfo_2.12-1.10.0.pom
2024.06.17 13:02:02 INFO  BSP server: Downloading https://repo1.maven.org/maven2/org/typelevel/cats-core_2.12/2.1.1/cats-core_2.12-2.1.1.pom
2024.06.17 13:02:02 INFO  BSP server: Downloaded https://repo1.maven.org/maven2/org/scala-sbt/launcher-interface/1.4.2/launcher-interface-1.4.2.pom
2024.06.17 13:02:02 INFO  BSP server: Downloading https://repo1.maven.org/maven2/org/scala-sbt/jline/jline/2.14.7-sbt-9c3b6aca11c57e339441442bbf58e550cdfecb79/jline-2.14.7-sbt-9c3b6aca11c57e339441442bbf58e550cdfecb79.pom
2024.06.17 13:02:02 INFO  BSP server: Downloaded https://repo1.maven.org/maven2/org/scala-sbt/sbinary_2.12/0.5.1/sbinary_2.12-0.5.1.pom
2024.06.17 13:02:02 INFO  BSP server: Downloading https://repo1.maven.org/maven2/org/jline/jline-terminal/3.24.1/jline-terminal-3.24.1.pom
2024.06.17 13:02:02 INFO  BSP server: Downloaded https://repo1.maven.org/maven2/com/eed3si9n/sjson-new-scalajson_2.12/0.9.1/sjson-new-scalajson_2.12-0.9.1.pom
2024.06.17 13:02:02 INFO  BSP server: Downloading https://repo1.maven.org/maven2/com/eed3si9n/gigahorse-core_2.12/0.7.0/gigahorse-core_2.12-0.7.0.pom
2024.06.17 13:02:02 INFO  BSP server: Downloaded https://repo1.maven.org/maven2/com/outr/perfolation_2.12/1.2.8/perfolation_2.12-1.2.8.pom
2024.06.17 13:02:02 INFO  BSP server: Downloading https://repo1.maven.org/maven2/org/scala-sbt/util-interface/1.10.0/util-interface-1.10.0.pom
2024.06.17 13:02:02 INFO  BSP server: Downloaded https://repo1.maven.org/maven2/com/eed3si9n/gigahorse-core_2.12/0.7.0/gigahorse-core_2.12-0.7.0.pom
2024.06.17 13:02:02 INFO  BSP server: Downloading https://repo1.maven.org/maven2/org/scala-sbt/util-relation_2.12/1.10.0/util-relation_2.12-1.10.0.pom
2024.06.17 13:02:02 INFO  BSP server: Downloaded https://repo1.maven.org/maven2/org/typelevel/cats-core_2.12/2.1.1/cats-core_2.12-2.1.1.pom
2024.06.17 13:02:02 INFO  BSP server: Downloading https://repo1.maven.org/maven2/net/java/dev/jna/jna-platform/5.13.0/jna-platform-5.13.0.pom
2024.06.17 13:02:02 INFO  BSP server: Downloaded https://repo1.maven.org/maven2/org/jline/jline-terminal/3.24.1/jline-terminal-3.24.1.pom
2024.06.17 13:02:02 INFO  BSP server: Downloading https://repo1.maven.org/maven2/org/jline/jline-terminal-jna/3.24.1/jline-terminal-jna-3.24.1.pom
2024.06.17 13:02:02 INFO  BSP server: Downloaded https://repo1.maven.org/maven2/org/scala-sbt/jline/jline/2.14.7-sbt-9c3b6aca11c57e339441442bbf58e550cdfecb79/jline-2.14.7-sbt-9c3b6aca11c57e339441442bbf58e550cdfecb79.pom
2024.06.17 13:02:02 INFO  BSP server: Downloading https://repo1.maven.org/maven2/com/outr/moduload_2.12/1.1.5/moduload_2.12-1.1.5.pom
2024.06.17 13:02:02 INFO  BSP server: Downloaded https://repo1.maven.org/maven2/org/scala-sbt/util-interface/1.10.0/util-interface-1.10.0.pom
2024.06.17 13:02:02 INFO  BSP server: Downloading https://repo1.maven.org/maven2/com/eed3si9n/sjson-new-murmurhash_2.12/0.9.1/sjson-new-murmurhash_2.12-0.9.1.pom
2024.06.17 13:02:02 INFO  BSP server: Downloaded https://repo1.maven.org/maven2/com/thesamet/scalapb/scalapb-runtime_2.12/0.11.15/scalapb-runtime_2.12-0.11.15.pom
2024.06.17 13:02:02 INFO  BSP server: Downloading https://repo1.maven.org/maven2/org/scala-sbt/collections_2.12/1.10.0/collections_2.12-1.10.0.pom
2024.06.17 13:02:02 INFO  BSP server: Downloaded https://repo1.maven.org/maven2/com/outr/moduload_2.12/1.1.5/moduload_2.12-1.1.5.pom
2024.06.17 13:02:02 INFO  BSP server: Downloading https://repo1.maven.org/maven2/org/scala-sbt/compiler-interface/1.10.0/compiler-interface-1.10.0.pom
2024.06.17 13:02:02 INFO  BSP server: Downloaded https://repo1.maven.org/maven2/org/jline/jline-terminal-jna/3.24.1/jline-terminal-jna-3.24.1.pom
2024.06.17 13:02:02 INFO  BSP server: Downloading https://repo1.maven.org/maven2/org/scala-lang/modules/scala-xml_2.12/2.3.0/scala-xml_2.12-2.3.0.pom
2024.06.17 13:02:02 INFO  BSP server: Downloaded https://repo1.maven.org/maven2/org/scala-sbt/util-relation_2.12/1.10.0/util-relation_2.12-1.10.0.pom
2024.06.17 13:02:02 INFO  BSP server: Downloading https://repo1.maven.org/maven2/org/scala-lang/modules/scala-parser-combinators_2.12/1.1.2/scala-parser-combinators_2.12-1.1.2.pom
2024.06.17 13:02:02 INFO  BSP server: Downloaded https://repo1.maven.org/maven2/net/java/dev/jna/jna-platform/5.13.0/jna-platform-5.13.0.pom
2024.06.17 13:02:02 INFO  BSP server: Downloading https://repo1.maven.org/maven2/com/lmax/disruptor/3.4.2/disruptor-3.4.2.pom
2024.06.17 13:02:02 INFO  BSP server: Downloaded https://repo1.maven.org/maven2/com/eed3si9n/sjson-new-murmurhash_2.12/0.9.1/sjson-new-murmurhash_2.12-0.9.1.pom
2024.06.17 13:02:02 INFO  BSP server: Downloading https://repo1.maven.org/maven2/org/scala-sbt/util-control_2.12/1.10.0/util-control_2.12-1.10.0.pom
2024.06.17 13:02:03 INFO  BSP server: Downloaded https://repo1.maven.org/maven2/org/scala-sbt/collections_2.12/1.10.0/collections_2.12-1.10.0.pom
2024.06.17 13:02:03 INFO  BSP server: Downloading https://repo1.maven.org/maven2/org/scala-sbt/core-macros_2.12/1.10.0/core-macros_2.12-1.10.0.pom
2024.06.17 13:02:03 INFO  BSP server: Downloaded https://repo1.maven.org/maven2/org/scala-sbt/compiler-interface/1.10.0/compiler-interface-1.10.0.pom
2024.06.17 13:02:03 INFO  BSP server: Downloading https://repo1.maven.org/maven2/net/openhft/zero-allocation-hashing/0.16/zero-allocation-hashing-0.16.pom
2024.06.17 13:02:03 INFO  BSP server: Downloaded https://repo1.maven.org/maven2/com/lmax/disruptor/3.4.2/disruptor-3.4.2.pom
2024.06.17 13:02:03 INFO  BSP server: Downloaded https://repo1.maven.org/maven2/org/scala-lang/modules/scala-parser-combinators_2.12/1.1.2/scala-parser-combinators_2.12-1.1.2.pom
2024.06.17 13:02:03 INFO  BSP server: Downloading https://repo1.maven.org/maven2/org/jline/jline-terminal-jansi/3.24.1/jline-terminal-jansi-3.24.1.pom
2024.06.17 13:02:03 INFO  BSP server: Downloaded https://repo1.maven.org/maven2/org/scala-lang/modules/scala-xml_2.12/2.3.0/scala-xml_2.12-2.3.0.pom
2024.06.17 13:02:03 INFO  BSP server: Downloading https://repo1.maven.org/maven2/org/scala-sbt/zinc-classpath_2.12/1.10.0/zinc-classpath_2.12-1.10.0.pom
2024.06.17 13:02:03 INFO  BSP server: Downloading https://repo1.maven.org/maven2/com/eed3si9n/shaded-apache-httpasyncclient/0.7.0/shaded-apache-httpasyncclient-0.7.0.pom
2024.06.17 13:02:03 INFO  BSP server: Downloaded https://repo1.maven.org/maven2/org/scala-sbt/util-control_2.12/1.10.0/util-control_2.12-1.10.0.pom
2024.06.17 13:02:03 INFO  BSP server: Downloading https://repo1.maven.org/maven2/org/scala-sbt/zinc-persist-core-assembly/1.10.0/zinc-persist-core-assembly-1.10.0.pom
2024.06.17 13:02:03 INFO  BSP server: Downloaded https://repo1.maven.org/maven2/org/scala-sbt/core-macros_2.12/1.10.0/core-macros_2.12-1.10.0.pom
2024.06.17 13:02:03 INFO  BSP server: Downloaded https://repo1.maven.org/maven2/net/openhft/zero-allocation-hashing/0.16/zero-allocation-hashing-0.16.pom
2024.06.17 13:02:03 INFO  BSP server: Downloaded https://repo1.maven.org/maven2/org/jline/jline-terminal-jansi/3.24.1/jline-terminal-jansi-3.24.1.pom
2024.06.17 13:02:03 INFO  BSP server: Downloaded https://repo1.maven.org/maven2/org/scala-sbt/zinc-classpath_2.12/1.10.0/zinc-classpath_2.12-1.10.0.pom
2024.06.17 13:02:03 INFO  BSP server: Downloaded https://repo1.maven.org/maven2/org/scala-sbt/zinc-persist-core-assembly/1.10.0/zinc-persist-core-assembly-1.10.0.pom
2024.06.17 13:02:03 INFO  BSP server: Downloaded https://repo1.maven.org/maven2/com/eed3si9n/shaded-apache-httpasyncclient/0.7.0/shaded-apache-httpasyncclient-0.7.0.pom
2024.06.17 13:02:03 INFO  BSP server: Downloading https://repo1.maven.org/maven2/net/openhft/java-parent-pom/1.1.28/java-parent-pom-1.1.28.pom
2024.06.17 13:02:03 INFO  BSP server: Downloaded https://repo1.maven.org/maven2/net/openhft/java-parent-pom/1.1.28/java-parent-pom-1.1.28.pom
2024.06.17 13:02:03 INFO  BSP server: Downloading https://repo1.maven.org/maven2/net/openhft/root-parent-pom/1.2.12/root-parent-pom-1.2.12.pom
2024.06.17 13:02:04 INFO  BSP server: Downloaded https://repo1.maven.org/maven2/net/openhft/root-parent-pom/1.2.12/root-parent-pom-1.2.12.pom
2024.06.17 13:02:04 INFO  BSP server: Downloading https://repo1.maven.org/maven2/org/typelevel/cats-macros_2.12/2.1.1/cats-macros_2.12-2.1.1.pom
2024.06.17 13:02:04 INFO  BSP server: Downloading https://repo1.maven.org/maven2/com/eed3si9n/sjson-new-core_2.12/0.9.1/sjson-new-core_2.12-0.9.1.pom
2024.06.17 13:02:04 INFO  BSP server: Downloading https://repo1.maven.org/maven2/com/typesafe/ssl-config-core_2.12/0.6.1/ssl-config-core_2.12-0.6.1.pom
2024.06.17 13:02:04 INFO  BSP server: Downloading https://repo1.maven.org/maven2/org/scala-sbt/compiler-bridge_2.12/1.10.0/compiler-bridge_2.12-1.10.0.pom
2024.06.17 13:02:04 INFO  BSP server: Downloading https://repo1.maven.org/maven2/org/jline/jline-native/3.24.1/jline-native-3.24.1.pom
2024.06.17 13:02:04 INFO  BSP server: Downloading https://repo1.maven.org/maven2/org/fusesource/jansi/jansi/2.4.1/jansi-2.4.1.pom
2024.06.17 13:02:04 INFO  BSP server: Downloaded https://repo1.maven.org/maven2/com/eed3si9n/sjson-new-core_2.12/0.9.1/sjson-new-core_2.12-0.9.1.pom
2024.06.17 13:02:04 INFO  BSP server: Downloading https://repo1.maven.org/maven2/com/eed3si9n/shaded-jawn-parser_2.12/0.9.1/shaded-jawn-parser_2.12-0.9.1.pom
2024.06.17 13:02:04 INFO  BSP server: Downloaded https://repo1.maven.org/maven2/org/scala-sbt/compiler-bridge_2.12/1.10.0/compiler-bridge_2.12-1.10.0.pom
2024.06.17 13:02:04 INFO  BSP server: Downloading https://repo1.maven.org/maven2/org/typelevel/cats-kernel_2.12/2.1.1/cats-kernel_2.12-2.1.1.pom
2024.06.17 13:02:04 INFO  BSP server: Downloaded https://repo1.maven.org/maven2/com/typesafe/ssl-config-core_2.12/0.6.1/ssl-config-core_2.12-0.6.1.pom
2024.06.17 13:02:04 INFO  BSP server: Downloaded https://repo1.maven.org/maven2/org/typelevel/cats-macros_2.12/2.1.1/cats-macros_2.12-2.1.1.pom
2024.06.17 13:02:04 INFO  BSP server: Downloaded https://repo1.maven.org/maven2/org/jline/jline-native/3.24.1/jline-native-3.24.1.pom
2024.06.17 13:02:04 INFO  BSP server: Downloading https://repo1.maven.org/maven2/com/thesamet/scalapb/lenses_2.12/0.11.15/lenses_2.12-0.11.15.pom
2024.06.17 13:02:04 INFO  BSP server: Downloading https://repo1.maven.org/maven2/com/eed3si9n/shaded-scalajson_2.12/1.0.0-M4/shaded-scalajson_2.12-1.0.0-M4.pom
2024.06.17 13:02:04 INFO  BSP server: Downloaded https://repo1.maven.org/maven2/com/eed3si9n/shaded-jawn-parser_2.12/0.9.1/shaded-jawn-parser_2.12-0.9.1.pom
2024.06.17 13:02:04 INFO  BSP server: Downloaded https://repo1.maven.org/maven2/com/thesamet/scalapb/lenses_2.12/0.11.15/lenses_2.12-0.11.15.pom
2024.06.17 13:02:04 INFO  BSP server: Downloaded https://repo1.maven.org/maven2/org/typelevel/cats-kernel_2.12/2.1.1/cats-kernel_2.12-2.1.1.pom
2024.06.17 13:02:04 INFO  BSP server: Downloaded https://repo1.maven.org/maven2/com/eed3si9n/shaded-scalajson_2.12/1.0.0-M4/shaded-scalajson_2.12-1.0.0-M4.pom
2024.06.17 13:02:04 INFO  BSP server: Downloaded https://repo1.maven.org/maven2/org/fusesource/jansi/jansi/2.4.1/jansi-2.4.1.pom
2024.06.17 13:02:04 INFO  BSP server: Downloading https://repo1.maven.org/maven2/org/fusesource/fusesource-pom/1.12/fusesource-pom-1.12.pom
2024.06.17 13:02:05 INFO  BSP server: Downloaded https://repo1.maven.org/maven2/org/fusesource/fusesource-pom/1.12/fusesource-pom-1.12.pom
2024.06.17 13:02:05 INFO  BSP server: Downloading https://repo1.maven.org/maven2/com/github/mwiede/jsch/0.2.17/jsch-0.2.17.jar
2024.06.17 13:02:05 INFO  BSP server: Downloading https://repo1.maven.org/maven2/org/typelevel/cats-core_2.12/2.1.1/cats-core_2.12-2.1.1.jar
2024.06.17 13:02:05 INFO  BSP server: Downloading https://repo1.maven.org/maven2/org/scala-sbt/compiler-interface/1.10.0/compiler-interface-1.10.0.jar
2024.06.17 13:02:05 INFO  BSP server: Downloading https://repo1.maven.org/maven2/org/ow2/asm/asm-util/9.7/asm-util-9.7.jar
2024.06.17 13:02:05 INFO  BSP server: Downloading https://repo1.maven.org/maven2/io/zipkin/zipkin2/zipkin/2.27.0/zipkin-2.27.0.jar
2024.06.17 13:02:05 INFO  BSP server: Downloading https://repo1.maven.org/maven2/org/scala-sbt/util-cache_2.12/1.10.0/util-cache_2.12-1.10.0.jar
2024.06.17 13:02:05 INFO  BSP server: Downloaded https://repo1.maven.org/maven2/org/ow2/asm/asm-util/9.7/asm-util-9.7.jar
2024.06.17 13:02:05 INFO  BSP server: Downloading https://repo1.maven.org/maven2/com/lihaoyi/sourcecode_2.12/0.4.1/sourcecode_2.12-0.4.1.jar
2024.06.17 13:02:06 INFO  BSP server: Downloaded https://repo1.maven.org/maven2/org/scala-sbt/compiler-interface/1.10.0/compiler-interface-1.10.0.jar
2024.06.17 13:02:06 INFO  BSP server: Downloading https://repo1.maven.org/maven2/org/jctools/jctools-core/2.1.2/jctools-core-2.1.2.jar
2024.06.17 13:02:08 INFO  BSP server: Downloaded https://repo1.maven.org/maven2/com/lihaoyi/sourcecode_2.12/0.4.1/sourcecode_2.12-0.4.1.jar
2024.06.17 13:02:08 INFO  BSP server: Downloading https://repo1.maven.org/maven2/org/ow2/asm/asm-analysis/9.7/asm-analysis-9.7.jar
2024.06.17 13:02:08 INFO  BSP server: Downloaded https://repo1.maven.org/maven2/com/github/mwiede/jsch/0.2.17/jsch-0.2.17.jar
2024.06.17 13:02:08 INFO  BSP server: Downloading https://repo1.maven.org/maven2/org/zeroturnaround/zt-zip/1.17/zt-zip-1.17.jar
2024.06.17 13:02:08 INFO  BSP server: Downloaded https://repo1.maven.org/maven2/io/zipkin/zipkin2/zipkin/2.27.0/zipkin-2.27.0.jar
2024.06.17 13:02:08 INFO  BSP server: Downloading https://repo1.maven.org/maven2/org/scala-sbt/jline/jline/2.14.7-sbt-9c3b6aca11c57e339441442bbf58e550cdfecb79/jline-2.14.7-sbt-9c3b6aca11c57e339441442bbf58e550cdfecb79.jar
2024.06.17 13:02:09 INFO  BSP server: Downloaded https://repo1.maven.org/maven2/org/ow2/asm/asm-analysis/9.7/asm-analysis-9.7.jar
2024.06.17 13:02:09 INFO  BSP server: Downloading https://repo1.maven.org/maven2/com/thesamet/scalapb/lenses_2.12/0.11.15/lenses_2.12-0.11.15.jar
2024.06.17 13:02:09 INFO  BSP server: Downloaded https://repo1.maven.org/maven2/org/scala-sbt/util-cache_2.12/1.10.0/util-cache_2.12-1.10.0.jar
2024.06.17 13:02:09 INFO  BSP server: Downloading https://repo1.maven.org/maven2/ch/epfl/scala/scala-debug-adapter_2.12/4.1.1/scala-debug-adapter_2.12-4.1.1.jar
2024.06.17 13:02:09 INFO  BSP server: Downloaded https://repo1.maven.org/maven2/com/thesamet/scalapb/lenses_2.12/0.11.15/lenses_2.12-0.11.15.jar
2024.06.17 13:02:09 INFO  BSP server: Downloading https://repo1.maven.org/maven2/io/zipkin/reporter2/zipkin-reporter-brave/2.17.2/zipkin-reporter-brave-2.17.2.jar
2024.06.17 13:02:09 INFO  BSP server: Downloaded https://repo1.maven.org/maven2/org/zeroturnaround/zt-zip/1.17/zt-zip-1.17.jar
2024.06.17 13:02:09 INFO  BSP server: Downloading https://repo1.maven.org/maven2/com/thesamet/scalapb/scalapb-runtime_2.12/0.11.15/scalapb-runtime_2.12-0.11.15.jar
2024.06.17 13:02:11 INFO  BSP server: Downloaded https://repo1.maven.org/maven2/org/jctools/jctools-core/2.1.2/jctools-core-2.1.2.jar
2024.06.17 13:02:11 INFO  BSP server: Downloading https://repo1.maven.org/maven2/ch/epfl/scala/bloop-config_2.12/2.0.0/bloop-config_2.12-2.0.0.jar
2024.06.17 13:02:11 INFO  BSP server: Downloaded https://repo1.maven.org/maven2/io/zipkin/reporter2/zipkin-reporter-brave/2.17.2/zipkin-reporter-brave-2.17.2.jar
2024.06.17 13:02:11 INFO  BSP server: Downloading https://repo1.maven.org/maven2/com/outr/scribe_2.12/3.5.5/scribe_2.12-3.5.5.jar
2024.06.17 13:02:11 INFO  BSP server: Downloaded https://repo1.maven.org/maven2/org/scala-sbt/jline/jline/2.14.7-sbt-9c3b6aca11c57e339441442bbf58e550cdfecb79/jline-2.14.7-sbt-9c3b6aca11c57e339441442bbf58e550cdfecb79.jar
2024.06.17 13:02:11 INFO  BSP server: Downloading https://repo1.maven.org/maven2/io/github/alexarchambault/bleep/bloop-frontend_2.12/1.5.17-sc-2/bloop-frontend_2.12-1.5.17-sc-2.jar
2024.06.17 13:02:12 INFO  BSP server: Downloaded https://repo1.maven.org/maven2/ch/epfl/scala/bloop-config_2.12/2.0.0/bloop-config_2.12-2.0.0.jar
2024.06.17 13:02:12 INFO  BSP server: Downloading https://repo1.maven.org/maven2/org/scala-sbt/test-interface/1.0/test-interface-1.0.jar
2024.06.17 13:02:12 INFO  BSP server: Downloaded https://repo1.maven.org/maven2/com/outr/scribe_2.12/3.5.5/scribe_2.12-3.5.5.jar
2024.06.17 13:02:12 INFO  BSP server: Downloading https://repo1.maven.org/maven2/org/scala-sbt/util-position_2.12/1.10.0/util-position_2.12-1.10.0.jar
2024.06.17 13:02:12 INFO  BSP server: Downloaded https://repo1.maven.org/maven2/org/scala-sbt/test-interface/1.0/test-interface-1.0.jar
2024.06.17 13:02:12 INFO  BSP server: Downloading https://repo1.maven.org/maven2/org/scala-sbt/util-relation_2.12/1.10.0/util-relation_2.12-1.10.0.jar
2024.06.17 13:02:14 INFO  BSP server: Downloaded https://repo1.maven.org/maven2/org/scala-sbt/util-position_2.12/1.10.0/util-position_2.12-1.10.0.jar
2024.06.17 13:02:14 INFO  BSP server: Downloading https://repo1.maven.org/maven2/com/lihaoyi/fansi_2.12/0.5.0/fansi_2.12-0.5.0.jar
2024.06.17 13:02:14 INFO  BSP server: Downloaded https://repo1.maven.org/maven2/org/scala-sbt/util-relation_2.12/1.10.0/util-relation_2.12-1.10.0.jar
2024.06.17 13:02:14 INFO  BSP server: Downloading https://repo1.maven.org/maven2/org/scala-sbt/zinc_2.12/1.10.0/zinc_2.12-1.10.0.jar
2024.06.17 13:02:14 INFO  BSP server: Downloaded https://repo1.maven.org/maven2/com/lihaoyi/fansi_2.12/0.5.0/fansi_2.12-0.5.0.jar
2024.06.17 13:02:14 INFO  BSP server: Downloading https://repo1.maven.org/maven2/org/typelevel/macro-compat_2.12/1.1.1/macro-compat_2.12-1.1.1.jar
2024.06.17 13:02:15 INFO  BSP server: Downloaded https://repo1.maven.org/maven2/org/scala-sbt/zinc_2.12/1.10.0/zinc_2.12-1.10.0.jar
2024.06.17 13:02:15 INFO  BSP server: Downloading https://repo1.maven.org/maven2/ch/epfl/scala/com-microsoft-java-debug-core/0.34.0+30/com-microsoft-java-debug-core-0.34.0+30.jar
2024.06.17 13:02:15 INFO  BSP server: Downloaded https://repo1.maven.org/maven2/org/typelevel/macro-compat_2.12/1.1.1/macro-compat_2.12-1.1.1.jar
2024.06.17 13:02:15 INFO  BSP server: Downloading https://repo1.maven.org/maven2/org/scala-sbt/test-agent/1.10.0/test-agent-1.10.0.jar
2024.06.17 13:02:15 INFO  BSP server: Downloaded https://repo1.maven.org/maven2/ch/epfl/scala/scala-debug-adapter_2.12/4.1.1/scala-debug-adapter_2.12-4.1.1.jar
2024.06.17 13:02:15 INFO  BSP server: Downloading https://repo1.maven.org/maven2/commons-io/commons-io/2.16.1/commons-io-2.16.1.jar
2024.06.17 13:02:15 INFO  BSP server: Downloaded https://repo1.maven.org/maven2/org/scala-sbt/test-agent/1.10.0/test-agent-1.10.0.jar
2024.06.17 13:02:15 INFO  BSP server: Downloading https://repo1.maven.org/maven2/io/github/alexarchambault/bleep/bloop-backend_2.12/1.5.17-sc-2/bloop-backend_2.12-1.5.17-sc-2.jar
2024.06.17 13:02:18 INFO  BSP server: Downloaded https://repo1.maven.org/maven2/ch/epfl/scala/com-microsoft-java-debug-core/0.34.0+30/com-microsoft-java-debug-core-0.34.0+30.jar
2024.06.17 13:02:18 INFO  BSP server: Downloading https://repo1.maven.org/maven2/org/scala-sbt/io_2.12/1.10.0/io_2.12-1.10.0.jar
2024.06.17 13:02:18 INFO  BSP server: Downloaded https://repo1.maven.org/maven2/io/github/alexarchambault/bleep/bloop-frontend_2.12/1.5.17-sc-2/bloop-frontend_2.12-1.5.17-sc-2.jar
2024.06.17 13:02:18 INFO  BSP server: Downloading https://repo1.maven.org/maven2/org/scala-sbt/launcher-interface/1.4.2/launcher-interface-1.4.2.jar
2024.06.17 13:02:18 INFO  BSP server: Downloaded https://repo1.maven.org/maven2/commons-io/commons-io/2.16.1/commons-io-2.16.1.jar
2024.06.17 13:02:18 INFO  BSP server: Downloading https://repo1.maven.org/maven2/io/zipkin/reporter2/zipkin-reporter/2.17.2/zipkin-reporter-2.17.2.jar
2024.06.17 13:02:19 INFO  BSP server: Downloaded https://repo1.maven.org/maven2/org/scala-sbt/launcher-interface/1.4.2/launcher-interface-1.4.2.jar
2024.06.17 13:02:19 INFO  BSP server: Downloading https://repo1.maven.org/maven2/io/github/alexarchambault/bleep/jsonrpc4s_2.12/0.1.1/jsonrpc4s_2.12-0.1.1.jar
2024.06.17 13:02:19 INFO  BSP server: Downloaded https://repo1.maven.org/maven2/com/thesamet/scalapb/scalapb-runtime_2.12/0.11.15/scalapb-runtime_2.12-0.11.15.jar
2024.06.17 13:02:19 INFO  BSP server: Downloading https://repo1.maven.org/maven2/org/scala-lang/modules/scala-parser-combinators_2.12/1.1.2/scala-parser-combinators_2.12-1.1.2.jar
2024.06.17 13:02:19 INFO  BSP server: Downloaded https://repo1.maven.org/maven2/io/zipkin/reporter2/zipkin-reporter/2.17.2/zipkin-reporter-2.17.2.jar
2024.06.17 13:02:19 INFO  BSP server: Downloading https://repo1.maven.org/maven2/org/scala-sbt/core-macros_2.12/1.10.0/core-macros_2.12-1.10.0.jar
2024.06.17 13:02:19 INFO  BSP server: Downloaded https://repo1.maven.org/maven2/org/typelevel/cats-core_2.12/2.1.1/cats-core_2.12-2.1.1.jar
2024.06.17 13:02:19 INFO  BSP server: Downloading https://repo1.maven.org/maven2/io/monix/implicitbox_2.12/0.2.0/implicitbox_2.12-0.2.0.jar
2024.06.17 13:02:20 INFO  BSP server: Downloaded https://repo1.maven.org/maven2/io/github/alexarchambault/bleep/bloop-backend_2.12/1.5.17-sc-2/bloop-backend_2.12-1.5.17-sc-2.jar
2024.06.17 13:02:20 INFO  BSP server: Downloading https://repo1.maven.org/maven2/org/typelevel/cats-macros_2.12/2.1.1/cats-macros_2.12-2.1.1.jar
2024.06.17 13:02:20 INFO  BSP server: Downloaded https://repo1.maven.org/maven2/org/scala-lang/modules/scala-parser-combinators_2.12/1.1.2/scala-parser-combinators_2.12-1.1.2.jar
2024.06.17 13:02:20 INFO  BSP server: Downloading https://repo1.maven.org/maven2/io/monix/monix-reactive_2.12/3.2.0/monix-reactive_2.12-3.2.0.jar
2024.06.17 13:02:20 INFO  BSP server: Downloaded https://repo1.maven.org/maven2/io/github/alexarchambault/bleep/jsonrpc4s_2.12/0.1.1/jsonrpc4s_2.12-0.1.1.jar
2024.06.17 13:02:20 INFO  BSP server: Downloading https://repo1.maven.org/maven2/org/apache/logging/log4j/log4j-core/2.23.0/log4j-core-2.23.0.jar
2024.06.17 13:02:20 INFO  BSP server: Downloaded https://repo1.maven.org/maven2/io/monix/implicitbox_2.12/0.2.0/implicitbox_2.12-0.2.0.jar
2024.06.17 13:02:20 INFO  BSP server: Downloading https://repo1.maven.org/maven2/com/outr/perfolation_2.12/1.2.8/perfolation_2.12-1.2.8.jar
2024.06.17 13:02:20 INFO  BSP server: Downloaded https://repo1.maven.org/maven2/org/scala-sbt/io_2.12/1.10.0/io_2.12-1.10.0.jar
2024.06.17 13:02:20 INFO  BSP server: Downloading https://repo1.maven.org/maven2/io/reactivex/rxjava2/rxjava/2.2.21/rxjava-2.2.21.jar
2024.06.17 13:02:20 INFO  BSP server: Downloaded https://repo1.maven.org/maven2/org/scala-sbt/core-macros_2.12/1.10.0/core-macros_2.12-1.10.0.jar
2024.06.17 13:02:20 INFO  BSP server: Downloading https://repo1.maven.org/maven2/org/scalameta/parsers_2.12/4.9.5/parsers_2.12-4.9.5.jar
2024.06.17 13:02:20 INFO  BSP server: Downloaded https://repo1.maven.org/maven2/org/typelevel/cats-macros_2.12/2.1.1/cats-macros_2.12-2.1.1.jar
2024.06.17 13:02:20 INFO  BSP server: Downloading https://repo1.maven.org/maven2/io/monix/monix-tail_2.12/3.2.0/monix-tail_2.12-3.2.0.jar
2024.06.17 13:02:20 INFO  BSP server: Downloaded https://repo1.maven.org/maven2/com/outr/perfolation_2.12/1.2.8/perfolation_2.12-1.2.8.jar
2024.06.17 13:02:20 INFO  BSP server: Downloading https://repo1.maven.org/maven2/org/scala-sbt/collections_2.12/1.10.0/collections_2.12-1.10.0.jar
2024.06.17 13:02:23 INFO  BSP server: Downloaded https://repo1.maven.org/maven2/org/scala-sbt/collections_2.12/1.10.0/collections_2.12-1.10.0.jar
2024.06.17 13:02:23 INFO  BSP server: Downloading https://repo1.maven.org/maven2/io/monix/monix-eval_2.12/3.2.0/monix-eval_2.12-3.2.0.jar
2024.06.17 13:02:23 INFO  BSP server: Downloaded https://repo1.maven.org/maven2/io/monix/monix-reactive_2.12/3.2.0/monix-reactive_2.12-3.2.0.jar
2024.06.17 13:02:23 INFO  BSP server: Downloading https://repo1.maven.org/maven2/com/github/alexarchambault/case-app_2.12/2.0.6/case-app_2.12-2.0.6.jar
2024.06.17 13:02:25 INFO  BSP server: Downloaded https://repo1.maven.org/maven2/io/monix/monix-tail_2.12/3.2.0/monix-tail_2.12-3.2.0.jar
2024.06.17 13:02:25 INFO  BSP server: Downloading https://repo1.maven.org/maven2/com/eed3si9n/sjson-new-murmurhash_2.12/0.9.1/sjson-new-murmurhash_2.12-0.9.1.jar
2024.06.17 13:02:25 INFO  BSP server: Downloaded https://repo1.maven.org/maven2/com/github/alexarchambault/case-app_2.12/2.0.6/case-app_2.12-2.0.6.jar
2024.06.17 13:02:25 INFO  BSP server: Downloading https://repo1.maven.org/maven2/com/eed3si9n/shaded-jawn-parser_2.12/0.9.1/shaded-jawn-parser_2.12-0.9.1.jar
2024.06.17 13:02:25 INFO  BSP server: Downloaded https://repo1.maven.org/maven2/org/scalameta/parsers_2.12/4.9.5/parsers_2.12-4.9.5.jar
2024.06.17 13:02:25 INFO  BSP server: Downloading https://repo1.maven.org/maven2/org/scala-sbt/librarymanagement-core_2.12/1.10.0/librarymanagement-core_2.12-1.10.0.jar
2024.06.17 13:02:25 INFO  BSP server: Downloaded https://repo1.maven.org/maven2/io/monix/monix-eval_2.12/3.2.0/monix-eval_2.12-3.2.0.jar
2024.06.17 13:02:25 INFO  BSP server: Downloading https://repo1.maven.org/maven2/org/apache/logging/log4j/log4j-api/2.23.0/log4j-api-2.23.0.jar
2024.06.17 13:02:26 INFO  BSP server: Downloaded https://repo1.maven.org/maven2/com/eed3si9n/sjson-new-murmurhash_2.12/0.9.1/sjson-new-murmurhash_2.12-0.9.1.jar
2024.06.17 13:02:26 INFO  BSP server: Downloading https://repo1.maven.org/maven2/org/apache/commons/commons-lang3/3.14.0/commons-lang3-3.14.0.jar
2024.06.17 13:02:26 INFO  BSP server: Downloaded https://repo1.maven.org/maven2/com/eed3si9n/shaded-jawn-parser_2.12/0.9.1/shaded-jawn-parser_2.12-0.9.1.jar
2024.06.17 13:02:26 INFO  BSP server: Downloading https://repo1.maven.org/maven2/org/scalaz/scalaz-core_2.12/7.3.8/scalaz-core_2.12-7.3.8.jar
2024.06.17 13:02:28 INFO  BSP server: Downloaded https://repo1.maven.org/maven2/org/apache/logging/log4j/log4j-api/2.23.0/log4j-api-2.23.0.jar
2024.06.17 13:02:28 INFO  BSP server: Downloading https://repo1.maven.org/maven2/org/jline/jline-terminal-jna/3.24.1/jline-terminal-jna-3.24.1.jar
2024.06.17 13:02:28 INFO  BSP server: Downloaded https://repo1.maven.org/maven2/org/scala-sbt/librarymanagement-core_2.12/1.10.0/librarymanagement-core_2.12-1.10.0.jar
2024.06.17 13:02:28 INFO  BSP server: Downloading https://repo1.maven.org/maven2/ch/epfl/scala/bsp4s_2.12/2.1.1/bsp4s_2.12-2.1.1.jar
2024.06.17 13:02:29 INFO  BSP server: Downloaded https://repo1.maven.org/maven2/org/jline/jline-terminal-jna/3.24.1/jline-terminal-jna-3.24.1.jar
2024.06.17 13:02:29 INFO  BSP server: Downloading https://repo1.maven.org/maven2/org/scala-sbt/zinc-apiinfo_2.12/1.10.0/zinc-apiinfo_2.12-1.10.0.jar
2024.06.17 13:02:29 INFO  BSP server: Downloaded https://repo1.maven.org/maven2/org/apache/logging/log4j/log4j-core/2.23.0/log4j-core-2.23.0.jar
2024.06.17 13:02:29 INFO  BSP server: Downloading https://repo1.maven.org/maven2/org/typelevel/cats-kernel_2.12/2.1.1/cats-kernel_2.12-2.1.1.jar
2024.06.17 13:02:30 INFO  BSP server: Downloaded https://repo1.maven.org/maven2/org/apache/commons/commons-lang3/3.14.0/commons-lang3-3.14.0.jar
2024.06.17 13:02:30 INFO  BSP server: Downloading https://repo1.maven.org/maven2/net/java/dev/jna/jna-platform/5.13.0/jna-platform-5.13.0.jar
2024.06.17 13:02:30 INFO  BSP server: Downloaded https://repo1.maven.org/maven2/org/scala-sbt/zinc-apiinfo_2.12/1.10.0/zinc-apiinfo_2.12-1.10.0.jar
2024.06.17 13:02:30 INFO  BSP server: Downloading https://repo1.maven.org/maven2/com/eed3si9n/gigahorse-apache-http_2.12/0.7.0/gigahorse-apache-http_2.12-0.7.0.jar
2024.06.17 13:02:32 INFO  BSP server: Downloaded https://repo1.maven.org/maven2/ch/epfl/scala/bsp4s_2.12/2.1.1/bsp4s_2.12-2.1.1.jar
2024.06.17 13:02:32 INFO  BSP server: Downloading https://repo1.maven.org/maven2/net/jpountz/lz4/lz4/1.3.0/lz4-1.3.0.jar
2024.06.17 13:02:32 INFO  BSP server: Downloaded https://repo1.maven.org/maven2/com/eed3si9n/gigahorse-apache-http_2.12/0.7.0/gigahorse-apache-http_2.12-0.7.0.jar
2024.06.17 13:02:32 INFO  BSP server: Downloading https://repo1.maven.org/maven2/com/eed3si9n/sjson-new-scalajson_2.12/0.9.1/sjson-new-scalajson_2.12-0.9.1.jar
2024.06.17 13:02:33 INFO  BSP server: Downloaded https://repo1.maven.org/maven2/net/jpountz/lz4/lz4/1.3.0/lz4-1.3.0.jar
2024.06.17 13:02:33 INFO  BSP server: Downloading https://repo1.maven.org/maven2/org/scala-lang/scala-reflect/2.12.19/scala-reflect-2.12.19.jar
2024.06.17 13:02:33 INFO  BSP server: Downloaded https://repo1.maven.org/maven2/com/eed3si9n/sjson-new-scalajson_2.12/0.9.1/sjson-new-scalajson_2.12-0.9.1.jar
2024.06.17 13:02:33 INFO  BSP server: Downloading https://repo1.maven.org/maven2/com/chuusai/shapeless_2.12/2.3.3/shapeless_2.12-2.3.3.jar
2024.06.17 13:02:33 INFO  BSP server: Downloaded https://repo1.maven.org/maven2/io/reactivex/rxjava2/rxjava/2.2.21/rxjava-2.2.21.jar
2024.06.17 13:02:33 INFO  BSP server: Downloading https://repo1.maven.org/maven2/org/scala-sbt/zinc-persist_2.12/1.10.0/zinc-persist_2.12-1.10.0.jar
2024.06.17 13:02:35 INFO  BSP server: Downloaded https://repo1.maven.org/maven2/net/java/dev/jna/jna-platform/5.13.0/jna-platform-5.13.0.jar
2024.06.17 13:02:35 INFO  BSP server: Downloading https://repo1.maven.org/maven2/com/github/plokhotnyuk/jsoniter-scala/jsoniter-scala-core_2.12/2.13.5/jsoniter-scala-core_2.12-2.13.5.jar
2024.06.17 13:02:35 INFO  BSP server: Downloaded https://repo1.maven.org/maven2/org/scala-sbt/zinc-persist_2.12/1.10.0/zinc-persist_2.12-1.10.0.jar
2024.06.17 13:02:35 INFO  BSP server: Downloading https://repo1.maven.org/maven2/org/scala-sbt/compiler-bridge_2.12/1.10.0/compiler-bridge_2.12-1.10.0.jar
2024.06.17 13:02:36 INFO  BSP server: Downloaded https://repo1.maven.org/maven2/com/github/plokhotnyuk/jsoniter-scala/jsoniter-scala-core_2.12/2.13.5/jsoniter-scala-core_2.12-2.13.5.jar
2024.06.17 13:02:36 INFO  BSP server: Downloading https://repo1.maven.org/maven2/com/eed3si9n/shaded-scalajson_2.12/1.0.0-M4/shaded-scalajson_2.12-1.0.0-M4.jar
2024.06.17 13:02:37 INFO  BSP server: Downloaded https://repo1.maven.org/maven2/com/eed3si9n/shaded-scalajson_2.12/1.0.0-M4/shaded-scalajson_2.12-1.0.0-M4.jar
2024.06.17 13:02:37 INFO  BSP server: Downloading https://repo1.maven.org/maven2/com/eed3si9n/gigahorse-core_2.12/0.7.0/gigahorse-core_2.12-0.7.0.jar
2024.06.17 13:02:37 INFO  BSP server: Downloaded https://repo1.maven.org/maven2/org/scala-sbt/compiler-bridge_2.12/1.10.0/compiler-bridge_2.12-1.10.0.jar
2024.06.17 13:02:37 INFO  BSP server: Downloading https://repo1.maven.org/maven2/com/github/alexarchambault/case-app-util_2.12/2.0.6/case-app-util_2.12-2.0.6.jar
2024.06.17 13:02:38 INFO  BSP server: Downloaded https://repo1.maven.org/maven2/com/eed3si9n/gigahorse-core_2.12/0.7.0/gigahorse-core_2.12-0.7.0.jar
2024.06.17 13:02:38 INFO  BSP server: Downloading https://repo1.maven.org/maven2/io/monix/monix_2.12/3.2.0/monix_2.12-3.2.0.jar
2024.06.17 13:02:38 INFO  BSP server: Downloaded https://repo1.maven.org/maven2/com/github/alexarchambault/case-app-util_2.12/2.0.6/case-app-util_2.12-2.0.6.jar
2024.06.17 13:02:38 INFO  BSP server: Downloading https://repo1.maven.org/maven2/com/eed3si9n/sjson-new-core_2.12/0.9.1/sjson-new-core_2.12-0.9.1.jar
2024.06.17 13:02:38 INFO  BSP server: Downloaded https://repo1.maven.org/maven2/io/monix/monix_2.12/3.2.0/monix_2.12-3.2.0.jar
2024.06.17 13:02:38 INFO  BSP server: Downloading https://repo1.maven.org/maven2/com/github/alexarchambault/case-app-annotations_2.12/2.0.6/case-app-annotations_2.12-2.0.6.jar
2024.06.17 13:02:41 INFO  BSP server: Downloaded https://repo1.maven.org/maven2/com/github/alexarchambault/case-app-annotations_2.12/2.0.6/case-app-annotations_2.12-2.0.6.jar
2024.06.17 13:02:41 INFO  BSP server: Downloading https://repo1.maven.org/maven2/org/jline/jline-terminal/3.24.1/jline-terminal-3.24.1.jar
2024.06.17 13:02:43 INFO  BSP server: Downloaded https://repo1.maven.org/maven2/org/scala-lang/scala-reflect/2.12.19/scala-reflect-2.12.19.jar
2024.06.17 13:02:43 INFO  BSP server: Downloading https://repo1.maven.org/maven2/com/google/errorprone/error_prone_annotations/2.27.0/error_prone_annotations-2.27.0.jar
2024.06.17 13:02:43 INFO  BSP server: Downloaded https://repo1.maven.org/maven2/org/jline/jline-terminal/3.24.1/jline-terminal-3.24.1.jar
2024.06.17 13:02:43 INFO  BSP server: Downloading https://repo1.maven.org/maven2/org/scala-lang/scala-library/2.12.19/scala-library-2.12.19.jar
2024.06.17 13:02:43 INFO  BSP server: Downloaded https://repo1.maven.org/maven2/com/chuusai/shapeless_2.12/2.3.3/shapeless_2.12-2.3.3.jar
2024.06.17 13:02:43 INFO  BSP server: Downloading https://repo1.maven.org/maven2/ch/epfl/scala/directory-watcher/0.8.0+6-f651bd93/directory-watcher-0.8.0+6-f651bd93.jar
2024.06.17 13:02:43 INFO  BSP server: Downloaded https://repo1.maven.org/maven2/com/google/errorprone/error_prone_annotations/2.27.0/error_prone_annotations-2.27.0.jar
2024.06.17 13:02:43 INFO  BSP server: Downloading https://repo1.maven.org/maven2/com/eed3si9n/shaded-apache-httpasyncclient/0.7.0/shaded-apache-httpasyncclient-0.7.0.jar
2024.06.17 13:02:45 INFO  BSP server: Downloaded https://repo1.maven.org/maven2/ch/epfl/scala/directory-watcher/0.8.0+6-f651bd93/directory-watcher-0.8.0+6-f651bd93.jar
2024.06.17 13:02:45 INFO  BSP server: Downloading https://repo1.maven.org/maven2/org/ow2/asm/asm-tree/9.7/asm-tree-9.7.jar
2024.06.17 13:02:45 INFO  BSP server: Downloaded https://repo1.maven.org/maven2/com/eed3si9n/sjson-new-core_2.12/0.9.1/sjson-new-core_2.12-0.9.1.jar
2024.06.17 13:02:45 INFO  BSP server: Downloading https://repo1.maven.org/maven2/org/slf4j/slf4j-api/2.0.7/slf4j-api-2.0.7.jar
2024.06.17 13:02:45 INFO  BSP server: Downloaded https://repo1.maven.org/maven2/org/typelevel/cats-kernel_2.12/2.1.1/cats-kernel_2.12-2.1.1.jar
2024.06.17 13:02:45 INFO  BSP server: Downloading https://repo1.maven.org/maven2/com/outr/moduload_2.12/1.1.5/moduload_2.12-1.1.5.jar
2024.06.17 13:02:45 INFO  BSP server: Downloaded https://repo1.maven.org/maven2/org/ow2/asm/asm-tree/9.7/asm-tree-9.7.jar
2024.06.17 13:02:45 INFO  BSP server: Downloading https://repo1.maven.org/maven2/org/scala-sbt/zinc-core_2.12/1.10.0/zinc-core_2.12-1.10.0.jar
2024.06.17 13:02:46 INFO  BSP server: Downloaded https://repo1.maven.org/maven2/org/slf4j/slf4j-api/2.0.7/slf4j-api-2.0.7.jar
2024.06.17 13:02:46 INFO  BSP server: Downloading https://repo1.maven.org/maven2/io/zipkin/brave/brave/5.18.1/brave-5.18.1.jar
2024.06.17 13:02:46 INFO  BSP server: Downloaded https://repo1.maven.org/maven2/com/outr/moduload_2.12/1.1.5/moduload_2.12-1.1.5.jar
2024.06.17 13:02:46 INFO  BSP server: Downloading https://repo1.maven.org/maven2/org/scala-sbt/zinc-classfile_2.12/1.10.0/zinc-classfile_2.12-1.10.0.jar
2024.06.17 13:02:47 INFO  BSP server: Downloaded https://repo1.maven.org/maven2/org/scala-sbt/zinc-core_2.12/1.10.0/zinc-core_2.12-1.10.0.jar
2024.06.17 13:02:47 INFO  BSP server: Downloading https://repo1.maven.org/maven2/com/lmax/disruptor/3.4.2/disruptor-3.4.2.jar
2024.06.17 13:02:47 INFO  BSP server: Downloaded https://repo1.maven.org/maven2/org/scala-sbt/zinc-classfile_2.12/1.10.0/zinc-classfile_2.12-1.10.0.jar
2024.06.17 13:02:47 INFO  BSP server: Downloading https://repo1.maven.org/maven2/org/jline/jline-native/3.24.1/jline-native-3.24.1.jar
2024.06.17 13:02:47 INFO  BSP server: Downloaded https://repo1.maven.org/maven2/com/eed3si9n/shaded-apache-httpasyncclient/0.7.0/shaded-apache-httpasyncclient-0.7.0.jar
2024.06.17 13:02:47 INFO  BSP server: Downloading https://repo1.maven.org/maven2/org/scala-sbt/zinc-persist-core-assembly/1.10.0/zinc-persist-core-assembly-1.10.0.jar
2024.06.17 13:02:48 INFO  BSP server: Downloaded https://repo1.maven.org/maven2/io/zipkin/brave/brave/5.18.1/brave-5.18.1.jar
2024.06.17 13:02:48 INFO  BSP server: Downloading https://repo1.maven.org/maven2/org/scala-sbt/zinc-compile-core_2.12/1.10.0/zinc-compile-core_2.12-1.10.0.jar
2024.06.17 13:02:48 INFO  BSP server: Downloaded https://repo1.maven.org/maven2/com/lmax/disruptor/3.4.2/disruptor-3.4.2.jar
2024.06.17 13:02:48 INFO  BSP server: Downloading https://repo1.maven.org/maven2/org/scala-lang/scala-compiler/2.12.19/scala-compiler-2.12.19.jar
2024.06.17 13:02:50 ERROR Timeout waiting for 'build/initialize' response
2024.06.17 13:02:50 WARN  Retrying connection to the build server scala-cli
2024.06.17 13:02:50 INFO  Running BSP server List(C:\Users\tharu\AppData\Local\Coursier\data\bin\.scala-cli.aux.exe, bsp, --json-options, C:\Users\tharu\Desktop\scala\scala\.scala-build\ide-options-v2.json, --json-launcher-options, C:\Users\tharu\Desktop\scala\scala\.scala-build\ide-launcher-options.json, --envs-file, C:\Users\tharu\Desktop\scala\scala\.scala-build\ide-envs.json, C:\Users\tharu\Desktop\scala\scala)
2024.06.17 13:02:50 INFO  tracing is disabled for protocol BSP, to enable tracing of incoming and outgoing JSON messages create an empty file at C:\Users\tharu\Desktop\scala\scala\.metals\bsp.trace.json or C:\Users\tharu\AppData\Local\scalameta\metals\cache\bsp.trace.json
2024.06.17 13:02:51 INFO  BSP server: Downloading https://repo1.maven.org/maven2/org/scala-lang/scala-library/2.12.19/scala-library-2.12.19.jar
2024.06.17 13:02:51 INFO  BSP server: Downloading https://repo1.maven.org/maven2/org/typelevel/cats-effect_2.12/2.1.3/cats-effect_2.12-2.1.3.jar
2024.06.17 13:02:51 INFO  BSP server: Downloading https://repo1.maven.org/maven2/org/scala-sbt/zinc-compile-core_2.12/1.10.0/zinc-compile-core_2.12-1.10.0.jar
2024.06.17 13:02:51 INFO  BSP server: Downloading https://repo1.maven.org/maven2/org/scala-lang/scala-compiler/2.12.19/scala-compiler-2.12.19.jar
2024.06.17 13:02:51 INFO  BSP server: Downloading https://repo1.maven.org/maven2/com/google/code/gson/gson/2.11.0/gson-2.11.0.jar
2024.06.17 13:02:51 INFO  BSP server: Downloading https://repo1.maven.org/maven2/org/scala-sbt/util-logging_2.12/1.10.0/util-logging_2.12-1.10.0.jar
2024.06.17 13:02:57 INFO  BSP server: Downloaded https://repo1.maven.org/maven2/org/scala-sbt/util-logging_2.12/1.10.0/util-logging_2.12-1.10.0.jar
2024.06.17 13:02:57 INFO  BSP server: Downloading https://repo1.maven.org/maven2/org/scalaz/scalaz-core_2.12/7.3.8/scalaz-core_2.12-7.3.8.jar
2024.06.17 13:02:57 INFO  BSP server: Downloaded https://repo1.maven.org/maven2/org/scala-sbt/zinc-compile-core_2.12/1.10.0/zinc-compile-core_2.12-1.10.0.jar
2024.06.17 13:02:57 INFO  BSP server: Downloading https://repo1.maven.org/maven2/org/scala-sbt/zinc-persist-core-assembly/1.10.0/zinc-persist-core-assembly-1.10.0.jar
2024.06.17 13:02:58 INFO  BSP server: Downloaded https://repo1.maven.org/maven2/com/google/code/gson/gson/2.11.0/gson-2.11.0.jar
2024.06.17 13:02:58 INFO  BSP server: Downloading https://repo1.maven.org/maven2/io/monix/monix-java_2.12/3.2.0/monix-java_2.12-3.2.0.jar
2024.06.17 13:02:59 INFO  BSP server: Downloaded https://repo1.maven.org/maven2/io/monix/monix-java_2.12/3.2.0/monix-java_2.12-3.2.0.jar
2024.06.17 13:02:59 INFO  BSP server: Downloading https://repo1.maven.org/maven2/io/monix/monix-catnap_2.12/3.2.0/monix-catnap_2.12-3.2.0.jar
2024.06.17 13:02:59 INFO  BSP server: Downloaded https://repo1.maven.org/maven2/org/typelevel/cats-effect_2.12/2.1.3/cats-effect_2.12-2.1.3.jar
2024.06.17 13:02:59 INFO  BSP server: Downloading https://repo1.maven.org/maven2/io/github/alexarchambault/bleep/bloop-shared_2.12/1.5.17-sc-2/bloop-shared_2.12-1.5.17-sc-2.jar
2024.06.17 13:03:00 INFO  BSP server: Downloaded https://repo1.maven.org/maven2/org/scalaz/scalaz-core_2.12/7.3.8/scalaz-core_2.12-7.3.8.jar
2024.06.17 13:03:00 INFO  BSP server: Downloading https://repo1.maven.org/maven2/org/scalameta/trees_2.12/4.9.5/trees_2.12-4.9.5.jar
2024.06.17 13:03:00 INFO  BSP server: Downloaded https://repo1.maven.org/maven2/io/github/alexarchambault/bleep/bloop-shared_2.12/1.5.17-sc-2/bloop-shared_2.12-1.5.17-sc-2.jar
2024.06.17 13:03:00 INFO  BSP server: Downloading https://repo1.maven.org/maven2/org/scala-sbt/ivy/ivy/2.3.0-sbt-396a783bba347016e7fe30dacc60d355be607fe2/ivy-2.3.0-sbt-396a783bba347016e7fe30dacc60d355be607fe2.jar
2024.06.17 13:03:00 INFO  BSP server: Downloaded https://repo1.maven.org/maven2/io/monix/monix-catnap_2.12/3.2.0/monix-catnap_2.12-3.2.0.jar
2024.06.17 13:03:00 INFO  BSP server: Downloading https://repo1.maven.org/maven2/io/get-coursier/interface/1.0.13/interface-1.0.13.jar
2024.06.17 13:03:02 INFO  BSP server: Downloaded https://repo1.maven.org/maven2/org/scala-lang/scala-library/2.12.19/scala-library-2.12.19.jar
2024.06.17 13:03:02 INFO  BSP server: Downloading https://repo1.maven.org/maven2/org/scala-sbt/util-control_2.12/1.10.0/util-control_2.12-1.10.0.jar
2024.06.17 13:03:02 INFO  BSP server: Downloaded https://repo1.maven.org/maven2/org/scala-sbt/util-control_2.12/1.10.0/util-control_2.12-1.10.0.jar
2024.06.17 13:03:02 INFO  BSP server: Downloading https://repo1.maven.org/maven2/org/jline/jline-terminal-jansi/3.24.1/jline-terminal-jansi-3.24.1.jar
2024.06.17 13:03:04 INFO  BSP server: Downloaded https://repo1.maven.org/maven2/org/jline/jline-terminal-jansi/3.24.1/jline-terminal-jansi-3.24.1.jar
2024.06.17 13:03:04 INFO  BSP server: Downloading https://repo1.maven.org/maven2/org/scala-sbt/util-interface/1.10.0/util-interface-1.10.0.jar
2024.06.17 13:03:04 INFO  BSP server: Downloaded https://repo1.maven.org/maven2/org/scala-sbt/ivy/ivy/2.3.0-sbt-396a783bba347016e7fe30dacc60d355be607fe2/ivy-2.3.0-sbt-396a783bba347016e7fe30dacc60d355be607fe2.jar
2024.06.17 13:03:04 INFO  BSP server: Downloading https://repo1.maven.org/maven2/org/scalameta/common_2.12/4.9.5/common_2.12-4.9.5.jar
2024.06.17 13:03:04 INFO  BSP server: Downloaded https://repo1.maven.org/maven2/org/scala-sbt/util-interface/1.10.0/util-interface-1.10.0.jar
2024.06.17 13:03:04 INFO  BSP server: Downloading https://repo1.maven.org/maven2/org/jline/jline-native/3.24.1/jline-native-3.24.1.jar
2024.06.17 13:03:06 INFO  BSP server: Downloaded https://repo1.maven.org/maven2/org/scala-sbt/zinc-persist-core-assembly/1.10.0/zinc-persist-core-assembly-1.10.0.jar
2024.06.17 13:03:06 INFO  BSP server: Downloading https://repo1.maven.org/maven2/io/zipkin/reporter2/zipkin-sender-urlconnection/2.17.2/zipkin-sender-urlconnection-2.17.2.jar
2024.06.17 13:03:09 INFO  BSP server: Downloaded https://repo1.maven.org/maven2/org/jline/jline-native/3.24.1/jline-native-3.24.1.jar
2024.06.17 13:03:09 INFO  BSP server: Downloading https://repo1.maven.org/maven2/net/openhft/zero-allocation-hashing/0.16/zero-allocation-hashing-0.16.jar
2024.06.17 13:03:12 INFO  BSP server: Downloaded https://repo1.maven.org/maven2/io/zipkin/reporter2/zipkin-sender-urlconnection/2.17.2/zipkin-sender-urlconnection-2.17.2.jar
2024.06.17 13:03:12 INFO  BSP server: Downloading https://repo1.maven.org/maven2/org/scala-sbt/sbinary_2.12/0.5.1/sbinary_2.12-0.5.1.jar
2024.06.17 13:03:15 INFO  BSP server: Downloaded https://repo1.maven.org/maven2/net/openhft/zero-allocation-hashing/0.16/zero-allocation-hashing-0.16.jar
2024.06.17 13:03:15 INFO  BSP server: Downloading https://repo1.maven.org/maven2/org/scala-lang/modules/scala-xml_2.12/2.3.0/scala-xml_2.12-2.3.0.jar
2024.06.17 13:03:17 INFO  BSP server: Downloaded https://repo1.maven.org/maven2/org/scala-sbt/sbinary_2.12/0.5.1/sbinary_2.12-0.5.1.jar
2024.06.17 13:03:17 INFO  BSP server: Downloading https://repo1.maven.org/maven2/org/fusesource/jansi/jansi/2.4.1/jansi-2.4.1.jar
2024.06.17 13:03:22 INFO  BSP server: Downloaded https://repo1.maven.org/maven2/org/fusesource/jansi/jansi/2.4.1/jansi-2.4.1.jar
2024.06.17 13:03:22 INFO  BSP server: Downloading https://repo1.maven.org/maven2/org/scala-lang/modules/scala-collection-compat_2.12/2.12.0/scala-collection-compat_2.12-2.12.0.jar
2024.06.17 13:03:25 INFO  BSP server: Downloaded https://repo1.maven.org/maven2/org/scalameta/common_2.12/4.9.5/common_2.12-4.9.5.jar
2024.06.17 13:03:25 INFO  BSP server: Downloading https://repo1.maven.org/maven2/com/typesafe/ssl-config-core_2.12/0.6.1/ssl-config-core_2.12-0.6.1.jar
2024.06.17 13:03:25 INFO  BSP server: Downloaded https://repo1.maven.org/maven2/org/scala-lang/modules/scala-collection-compat_2.12/2.12.0/scala-collection-compat_2.12-2.12.0.jar
2024.06.17 13:03:25 INFO  BSP server: Downloading https://repo1.maven.org/maven2/io/github/alexarchambault/libdaemon/libdaemon_2.12/0.0.11/libdaemon_2.12-0.0.11.jar
2024.06.17 13:03:26 INFO  BSP server: Downloaded https://repo1.maven.org/maven2/org/scala-lang/modules/scala-xml_2.12/2.3.0/scala-xml_2.12-2.3.0.jar
2024.06.17 13:03:26 INFO  BSP server: Downloading https://repo1.maven.org/maven2/org/scala-sbt/zinc-classpath_2.12/1.10.0/zinc-classpath_2.12-1.10.0.jar
2024.06.17 13:03:26 INFO  BSP server: Downloaded https://repo1.maven.org/maven2/io/github/alexarchambault/libdaemon/libdaemon_2.12/0.0.11/libdaemon_2.12-0.0.11.jar
2024.06.17 13:03:26 INFO  BSP server: Downloading https://repo1.maven.org/maven2/io/github/alexarchambault/bleep/nailgun-server/1.0.7/nailgun-server-1.0.7.jar
2024.06.17 13:03:26 INFO  BSP server: Downloaded https://repo1.maven.org/maven2/com/typesafe/ssl-config-core_2.12/0.6.1/ssl-config-core_2.12-0.6.1.jar
2024.06.17 13:03:26 INFO  BSP server: Downloading https://repo1.maven.org/maven2/io/monix/monix-execution_2.12/3.2.0/monix-execution_2.12-3.2.0.jar
2024.06.17 13:03:28 INFO  BSP server: Downloaded https://repo1.maven.org/maven2/org/scala-sbt/zinc-classpath_2.12/1.10.0/zinc-classpath_2.12-1.10.0.jar
2024.06.17 13:03:28 INFO  BSP server: Downloading https://repo1.maven.org/maven2/ch/qos/logback/logback-core/1.4.14/logback-core-1.4.14.jar
2024.06.17 13:03:28 INFO  BSP server: Downloaded https://repo1.maven.org/maven2/io/github/alexarchambault/bleep/nailgun-server/1.0.7/nailgun-server-1.0.7.jar
2024.06.17 13:03:28 INFO  BSP server: Downloading https://repo1.maven.org/maven2/com/lihaoyi/pprint_2.12/0.9.0/pprint_2.12-0.9.0.jar
2024.06.17 13:03:30 INFO  BSP server: Downloaded https://repo1.maven.org/maven2/com/lihaoyi/pprint_2.12/0.9.0/pprint_2.12-0.9.0.jar
2024.06.17 13:03:30 INFO  BSP server: Downloading https://repo1.maven.org/maven2/org/scala-sbt/librarymanagement-ivy_2.12/1.10.0/librarymanagement-ivy_2.12-1.10.0.jar
2024.06.17 13:03:30 INFO  BSP server: Downloaded https://repo1.maven.org/maven2/io/monix/monix-execution_2.12/3.2.0/monix-execution_2.12-3.2.0.jar
2024.06.17 13:03:30 INFO  BSP server: Downloading https://repo1.maven.org/maven2/org/reactivestreams/reactive-streams/1.0.4/reactive-streams-1.0.4.jar
2024.06.17 13:03:31 INFO  BSP server: Downloaded https://repo1.maven.org/maven2/org/reactivestreams/reactive-streams/1.0.4/reactive-streams-1.0.4.jar
2024.06.17 13:03:31 INFO  BSP server: Downloading https://repo1.maven.org/maven2/ch/qos/logback/logback-classic/1.4.14/logback-classic-1.4.14.jar
2024.06.17 13:03:31 INFO  BSP server: Downloaded https://repo1.maven.org/maven2/ch/qos/logback/logback-core/1.4.14/logback-core-1.4.14.jar
2024.06.17 13:03:31 INFO  BSP server: Downloaded https://repo1.maven.org/maven2/org/scala-sbt/librarymanagement-ivy_2.12/1.10.0/librarymanagement-ivy_2.12-1.10.0.jar
2024.06.17 13:03:33 INFO  BSP server: Downloaded https://repo1.maven.org/maven2/ch/qos/logback/logback-classic/1.4.14/logback-classic-1.4.14.jar
2024.06.17 13:03:34 INFO  BSP server: Downloaded https://repo1.maven.org/maven2/org/scalameta/trees_2.12/4.9.5/trees_2.12-4.9.5.jar
2024.06.17 13:03:35 INFO  BSP server: Downloaded https://repo1.maven.org/maven2/org/scala-lang/scala-compiler/2.12.19/scala-compiler-2.12.19.jar
2024.06.17 13:03:37 INFO  BSP server: Downloaded https://repo1.maven.org/maven2/io/get-coursier/interface/1.0.13/interface-1.0.13.jar
2024.06.17 13:03:37 INFO  BSP server: Starting compilation server
2024.06.17 13:03:45 INFO  BSP server: Downloading https://repo1.maven.org/maven2/org/scala-lang/scala3-sbt-bridge/3.4.2/scala3-sbt-bridge-3.4.2.pom
2024.06.17 13:03:46 INFO  BSP server: Downloaded https://repo1.maven.org/maven2/org/scala-lang/scala3-sbt-bridge/3.4.2/scala3-sbt-bridge-3.4.2.pom
2024.06.17 13:03:46 INFO  BSP server: Downloading https://repo1.maven.org/maven2/org/scala-lang/scala3-sbt-bridge/3.4.2/scala3-sbt-bridge-3.4.2.jar
2024.06.17 13:03:46 INFO  BSP server: Downloaded https://repo1.maven.org/maven2/org/scala-lang/scala3-sbt-bridge/3.4.2/scala3-sbt-bridge-3.4.2.jar
2024.06.17 13:03:46 INFO  BSP server: Downloading https://repo1.maven.org/maven2/org/scala-lang/scala-library/2.13.12/scala-library-2.13.12-sources.jar
2024.06.17 13:03:48 INFO  BSP server: Downloaded https://repo1.maven.org/maven2/org/scala-lang/scala-library/2.13.12/scala-library-2.13.12-sources.jar
2024.06.17 13:03:48 INFO  BSP server: Downloading https://repo1.maven.org/maven2/com/sourcegraph/semanticdb-javac/0.7.4/semanticdb-javac-0.7.4.pom
2024.06.17 13:03:48 INFO  BSP server: Downloaded https://repo1.maven.org/maven2/com/sourcegraph/semanticdb-javac/0.7.4/semanticdb-javac-0.7.4.pom
2024.06.17 13:03:48 INFO  BSP server: Downloading https://repo1.maven.org/maven2/com/sourcegraph/semanticdb-javac/0.7.4/semanticdb-javac-0.7.4.jar
2024.06.17 13:03:50 ERROR Timeout waiting for 'build/initialize' response
2024.06.17 13:03:50 WARN  Retrying connection to the build server scala-cli
2024.06.17 13:03:50 INFO  Running BSP server List(C:\Users\tharu\AppData\Local\Coursier\data\bin\.scala-cli.aux.exe, bsp, --json-options, C:\Users\tharu\Desktop\scala\scala\.scala-build\ide-options-v2.json, --json-launcher-options, C:\Users\tharu\Desktop\scala\scala\.scala-build\ide-launcher-options.json, --envs-file, C:\Users\tharu\Desktop\scala\scala\.scala-build\ide-envs.json, C:\Users\tharu\Desktop\scala\scala)
2024.06.17 13:03:50 INFO  tracing is disabled for protocol BSP, to enable tracing of incoming and outgoing JSON messages create an empty file at C:\Users\tharu\Desktop\scala\scala\.metals\bsp.trace.json or C:\Users\tharu\AppData\Local\scalameta\metals\cache\bsp.trace.json
2024.06.17 13:03:55 INFO  BSP server: Downloading https://repo1.maven.org/maven2/com/sourcegraph/semanticdb-javac/0.7.4/semanticdb-javac-0.7.4.jar
2024.06.17 13:03:59 INFO  BSP server: Downloaded https://repo1.maven.org/maven2/com/sourcegraph/semanticdb-javac/0.7.4/semanticdb-javac-0.7.4.jar
2024.06.17 13:03:59 INFO  time: Connected to build server in 2m9s
2024.06.17 13:03:59 INFO  Connected to Build server: scala-cli v1.3.2
2024.06.17 13:04:00 INFO  time: Imported build in 0.59s
2024.06.17 13:04:00 INFO  compiling scala_f4dd477a3a (1 scala source)
2024.06.17 13:04:07 INFO  time: compiled scala_f4dd477a3a in 6.72s
2024.06.17 13:04:30 INFO  time: indexed workspace in 30s
Jun 17, 2024 1:05:21 PM org.eclipse.lsp4j.jsonrpc.services.GenericEndpoint notify
INFO: Unsupported notification method: $/setTrace
2024.06.17 14:23:14 INFO  compiling scala_f4dd477a3a (1 scala source)
2024.06.17 14:23:15 INFO  time: compiled scala_f4dd477a3a in 1.03s
2024.06.17 17:59:53 INFO  Shutting down server
2024.06.17 17:59:53 INFO  shutting down Metals
2024.06.17 17:59:53 INFO  Shut down connection with build server.
2024.06.17 17:59:53 INFO  Exiting server
2024.06.17 18:55:57 INFO  Started: Metals version 1.3.1 in folders 'C:\Users\tharu\Desktop\scala\scala' for client Visual Studio Code 1.90.1.
SLF4J(W): Class path contains multiple SLF4J providers.
SLF4J(W): Found provider [scribe.slf4j.ScribeServiceProvider@248be50d]
SLF4J(W): Found provider [ch.qos.logback.classic.spi.LogbackServiceProvider@5fbece2e]
SLF4J(W): See https://www.slf4j.org/codes.html#multiple_bindings for an explanation.
SLF4J(I): Actual provider is of type [scribe.slf4j.ScribeServiceProvider@248be50d]
2024.06.17 18:55:57 WARN  Flyway upgrade recommended: H2 2.2.224 is newer than this version of Flyway and support has not been tested. The latest supported version of H2 is 2.2.220.
2024.06.17 18:55:59 INFO  Attempting to connect to the build server...
2024.06.17 18:55:59 INFO  Running BSP server List(C:\Users\tharu\AppData\Local\Coursier\data\bin\.scala-cli.aux.exe, bsp, --json-options, C:\Users\tharu\Desktop\scala\scala\.scala-build\ide-options-v2.json, --json-launcher-options, C:\Users\tharu\Desktop\scala\scala\.scala-build\ide-launcher-options.json, --envs-file, C:\Users\tharu\Desktop\scala\scala\.scala-build\ide-envs.json, C:\Users\tharu\Desktop\scala\scala)
2024.06.17 18:55:59 INFO  tracing is disabled for protocol BSP, to enable tracing of incoming and outgoing JSON messages create an empty file at C:\Users\tharu\Desktop\scala\scala\.metals\bsp.trace.json or C:\Users\tharu\AppData\Local\scalameta\metals\cache\bsp.trace.json
2024.06.17 18:56:01 INFO  no build target found for C:\Users\tharu\Desktop\scala\scala\labsheet\labsheet01.scala. Using presentation compiler with project's scala-library version: 3.3.3
2024.06.17 18:56:01 INFO  BSP server: Starting compilation server
2024.06.17 18:56:05 INFO  time: Connected to build server in 6.29s
2024.06.17 18:56:05 INFO  Connected to Build server: scala-cli v1.3.2
2024.06.17 18:56:09 INFO  time: indexed workspace in 3.65s
2024.06.17 19:16:45 INFO  Shutting down server
2024.06.17 19:16:45 INFO  shutting down Metals
2024.06.17 19:16:45 INFO  Shut down connection with build server.
2024.06.17 19:16:45 INFO  BSP server: Jun 17, 2024 7:16:45 PM org.eclipse.lsp4j.jsonrpc.RemoteEndpoint handleNotification
2024.06.17 19:16:45 INFO  Exiting server
2024.06.24 11:20:10 INFO  Started: Metals version 1.3.2 in folders 'C:\Users\tharu\Desktop\scala\scala' for client Visual Studio Code 1.90.2.
SLF4J(W): Class path contains multiple SLF4J providers.
SLF4J(W): Found provider [scribe.slf4j.ScribeServiceProvider@483d05d7]
SLF4J(W): Found provider [ch.qos.logback.classic.spi.LogbackServiceProvider@4c1fa67f]
SLF4J(W): See https://www.slf4j.org/codes.html#multiple_bindings for an explanation.
SLF4J(I): Actual provider is of type [scribe.slf4j.ScribeServiceProvider@483d05d7]
2024.06.24 11:20:11 WARN  Flyway upgrade recommended: H2 2.2.224 is newer than this version of Flyway and support has not been tested. The latest supported version of H2 is 2.2.220.
2024.06.24 11:20:12 INFO  Attempting to connect to the build server...
2024.06.24 11:20:12 INFO  Running BSP server List(C:\Users\tharu\AppData\Local\Coursier\data\bin\.scala-cli.aux.exe, bsp, --json-options, C:\Users\tharu\Desktop\scala\scala\.scala-build\ide-options-v2.json, --json-launcher-options, C:\Users\tharu\Desktop\scala\scala\.scala-build\ide-launcher-options.json, --envs-file, C:\Users\tharu\Desktop\scala\scala\.scala-build\ide-envs.json, C:\Users\tharu\Desktop\scala\scala)
2024.06.24 11:20:13 INFO  tracing is disabled for protocol BSP, to enable tracing of incoming and outgoing JSON messages create an empty file at C:\Users\tharu\Desktop\scala\scala\.metals\bsp.trace.json or C:\Users\tharu\AppData\Local\scalameta\metals\cache\bsp.trace.json
2024.06.24 11:20:17 INFO  BSP server: Starting compilation server
2024.06.24 11:20:28 INFO  time: Connected to build server in 16s
2024.06.24 11:20:28 INFO  Connected to Build server: scala-cli v1.3.2
2024.06.24 11:20:29 INFO  time: Imported build in 0.29s
2024.06.24 11:20:30 INFO  compiling scala_f4dd477a3a (1 scala source)
2024.06.24 11:20:38 INFO  time: compiled scala_f4dd477a3a in 8.01s
2024.06.24 11:20:41 INFO  time: indexed workspace in 12s
2024.06.24 11:21:04 INFO  Shutting down server
2024.06.24 11:21:04 INFO  shutting down Metals
2024.06.24 11:21:04 INFO  Shut down connection with build server.
2024.06.24 11:21:04 INFO  BSP server: Jun 24, 2024 11:21:04 AM org.eclipse.lsp4j.jsonrpc.RemoteEndpoint handleNotification
2024.06.24 11:21:04 INFO  BSP server: WARNING: Notification threw an exception: {
2024.06.24 11:21:04 INFO  BSP server:   "jsonrpc": "2.0",
2024.06.24 11:21:04 INFO  Exiting server
2024.06.24 11:23:13 INFO  Started: Metals version 1.3.2 in folders 'C:\Users\tharu\Desktop\scala\scala' for client Visual Studio Code 1.90.2.
SLF4J(W): Class path contains multiple SLF4J providers.
SLF4J(W): Found provider [scribe.slf4j.ScribeServiceProvider@6c9b78e]
SLF4J(W): Found provider [ch.qos.logback.classic.spi.LogbackServiceProvider@6554246f]
SLF4J(W): See https://www.slf4j.org/codes.html#multiple_bindings for an explanation.
SLF4J(I): Actual provider is of type [scribe.slf4j.ScribeServiceProvider@6c9b78e]
2024.06.24 11:23:14 WARN  Flyway upgrade recommended: H2 2.2.224 is newer than this version of Flyway and support has not been tested. The latest supported version of H2 is 2.2.220.
2024.06.24 11:23:15 INFO  Attempting to connect to the build server...
2024.06.24 11:23:15 INFO  Running BSP server List(C:\Users\tharu\AppData\Local\Coursier\data\bin\.scala-cli.aux.exe, bsp, --json-options, C:\Users\tharu\Desktop\scala\scala\.scala-build\ide-options-v2.json, --json-launcher-options, C:\Users\tharu\Desktop\scala\scala\.scala-build\ide-launcher-options.json, --envs-file, C:\Users\tharu\Desktop\scala\scala\.scala-build\ide-envs.json, C:\Users\tharu\Desktop\scala\scala)
2024.06.24 11:23:16 INFO  tracing is disabled for protocol BSP, to enable tracing of incoming and outgoing JSON messages create an empty file at C:\Users\tharu\Desktop\scala\scala\.metals\bsp.trace.json or C:\Users\tharu\AppData\Local\scalameta\metals\cache\bsp.trace.json
2024.06.24 11:23:22 INFO  time: Connected to build server in 6.87s
2024.06.24 11:23:22 INFO  Connected to Build server: scala-cli v1.3.2
2024.06.24 11:23:22 INFO  time: Imported build in 0.1s
2024.06.24 11:23:28 INFO  time: indexed workspace in 5.88s
2024.06.24 11:24:10 INFO  Shutting down server
2024.06.24 11:24:10 INFO  shutting down Metals
2024.06.24 11:24:10 INFO  Shut down connection with build server.
2024.06.24 11:24:10 INFO  BSP server: Jun 24, 2024 11:24:10 AM org.eclipse.lsp4j.jsonrpc.RemoteEndpoint handleNotification
2024.06.24 11:24:10 INFO  Exiting server
